<?xml version="1.0" encoding="UTF-8" standalone="yes"?><!DOCTYPE report PUBLIC "-//JACOCO//DTD Report 1.1//EN" "report.dtd"><report name="Nanopub Query"><sessioninfo id="t14-41126f23" start="1755704455234" dump="1755704592309"/><package name="com/knowledgepixels/query"><class name="com/knowledgepixels/query/OpenApiSpecPage$1" sourcefilename="OpenApiSpecPage.java"><method name="&lt;init&gt;" desc="(Lcom/knowledgepixels/query/OpenApiSpecPage;Ljava/util/Set;)V" line="81"><counter type="INSTRUCTION" missed="0" covered="9"/><counter type="LINE" missed="0" covered="1"/><counter type="COMPLEXITY" missed="0" covered="1"/><counter type="METHOD" missed="0" covered="1"/></method><method name="meet" desc="(Lorg/eclipse/rdf4j/query/algebra/Var;)V" line="85"><counter type="INSTRUCTION" missed="6" covered="15"/><counter type="BRANCH" missed="2" covered="4"/><counter type="LINE" missed="1" covered="3"/><counter type="COMPLEXITY" missed="2" covered="2"/><counter type="METHOD" missed="0" covered="1"/></method><counter type="INSTRUCTION" missed="6" covered="24"/><counter type="BRANCH" missed="2" covered="4"/><counter type="LINE" missed="1" covered="4"/><counter type="COMPLEXITY" missed="2" covered="3"/><counter type="METHOD" missed="0" covered="2"/><counter type="CLASS" missed="0" covered="1"/></class><class name="com/knowledgepixels/query/JellyNanopubLoader$LoadingType" sourcefilename="JellyNanopubLoader.java"><method name="&lt;clinit&gt;" desc="()V" line="35"><counter type="INSTRUCTION" missed="24" covered="0"/><counter type="LINE" missed="3" covered="0"/><counter type="COMPLEXITY" missed="1" covered="0"/><counter type="METHOD" missed="1" covered="0"/></method><counter type="INSTRUCTION" missed="24" covered="0"/><counter type="LINE" missed="3" covered="0"/><counter type="COMPLEXITY" missed="1" covered="0"/><counter type="METHOD" missed="1" covered="0"/><counter type="CLASS" missed="1" covered="0"/></class><class name="com/knowledgepixels/query/MainVerticle" sourcefilename="MainVerticle.java"><method name="&lt;clinit&gt;" desc="()V" line="40"><counter type="INSTRUCTION" missed="3" covered="0"/><counter type="LINE" missed="1" covered="0"/><counter type="COMPLEXITY" missed="1" covered="0"/><counter type="METHOD" missed="1" covered="0"/></method><method name="&lt;init&gt;" desc="()V" line="35"><counter type="INSTRUCTION" missed="9" covered="0"/><counter type="LINE" missed="3" covered="0"/><counter type="COMPLEXITY" missed="1" covered="0"/><counter type="METHOD" missed="1" covered="0"/></method><method name="allServersStarted" desc="()Z" line="43"><counter type="INSTRUCTION" missed="10" covered="0"/><counter type="BRANCH" missed="4" covered="0"/><counter type="LINE" missed="1" covered="0"/><counter type="COMPLEXITY" missed="3" covered="0"/><counter type="METHOD" missed="1" covered="0"/></method><method name="start" desc="(Lio/vertx/core/Promise;)V" line="54"><counter type="INSTRUCTION" missed="271" covered="0"/><counter type="LINE" missed="48" covered="0"/><counter type="COMPLEXITY" missed="1" covered="0"/><counter type="METHOD" missed="1" covered="0"/></method><method name="getResourceAsString" desc="(Ljava/lang/String;)Ljava/lang/String;" line="453"><counter type="INSTRUCTION" missed="28" covered="0"/><counter type="BRANCH" missed="2" covered="0"/><counter type="LINE" missed="4" covered="0"/><counter type="COMPLEXITY" missed="2" covered="0"/><counter type="METHOD" missed="1" covered="0"/></method><method name="handleRedirect" desc="(Lio/vertx/ext/web/RoutingContext;Ljava/lang/String;)V" line="461"><counter type="INSTRUCTION" missed="107" covered="0"/><counter type="BRANCH" missed="8" covered="0"/><counter type="LINE" missed="16" covered="0"/><counter type="COMPLEXITY" missed="5" covered="0"/><counter type="METHOD" missed="1" covered="0"/></method><method name="applyGlobalHeaders" desc="(Lio/vertx/core/http/HttpServerResponse;)V" line="485"><counter type="INSTRUCTION" missed="9" covered="0"/><counter type="LINE" missed="2" covered="0"/><counter type="COMPLEXITY" missed="1" covered="0"/><counter type="METHOD" missed="1" covered="0"/></method><method name="lambda$0" desc="(Lio/vertx/ext/web/RoutingContext;)V" line="112"><counter type="INSTRUCTION" missed="4" covered="0"/><counter type="LINE" missed="1" covered="0"/><counter type="COMPLEXITY" missed="1" covered="0"/><counter type="METHOD" missed="1" covered="0"/></method><method name="lambda$1" desc="(Lio/vertx/ext/web/RoutingContext;)V" line="118"><counter type="INSTRUCTION" missed="40" covered="0"/><counter type="BRANCH" missed="2" covered="0"/><counter type="LINE" missed="15" covered="0"/><counter type="COMPLEXITY" missed="2" covered="0"/><counter type="METHOD" missed="1" covered="0"/></method><method name="lambda$2" desc="(Lio/vertx/ext/web/RoutingContext;)V" line="153"><counter type="INSTRUCTION" missed="4" covered="0"/><counter type="LINE" missed="1" covered="0"/><counter type="COMPLEXITY" missed="1" covered="0"/><counter type="METHOD" missed="1" covered="0"/></method><method name="lambda$3" desc="(Lio/vertx/ext/web/RoutingContext;)V" line="155"><counter type="INSTRUCTION" missed="39" covered="0"/><counter type="BRANCH" missed="2" covered="0"/><counter type="LINE" missed="16" covered="0"/><counter type="COMPLEXITY" missed="2" covered="0"/><counter type="METHOD" missed="1" covered="0"/></method><method name="lambda$4" desc="(Lio/vertx/ext/web/RoutingContext;)V" line="183"><counter type="INSTRUCTION" missed="86" covered="0"/><counter type="BRANCH" missed="10" covered="0"/><counter type="LINE" missed="20" covered="0"/><counter type="COMPLEXITY" missed="6" covered="0"/><counter type="METHOD" missed="1" covered="0"/></method><method name="lambda$5" desc="(Lio/vertx/ext/web/RoutingContext;)V" line="225"><counter type="INSTRUCTION" missed="65" covered="0"/><counter type="BRANCH" missed="6" covered="0"/><counter type="LINE" missed="18" covered="0"/><counter type="COMPLEXITY" missed="4" covered="0"/><counter type="METHOD" missed="1" covered="0"/></method><method name="lambda$6" desc="(Lio/vertx/ext/web/RoutingContext;)V" line="258"><counter type="INSTRUCTION" missed="64" covered="0"/><counter type="BRANCH" missed="6" covered="0"/><counter type="LINE" missed="18" covered="0"/><counter type="COMPLEXITY" missed="4" covered="0"/><counter type="METHOD" missed="1" covered="0"/></method><method name="lambda$7" desc="(Lio/vertx/ext/web/RoutingContext;)V" line="291"><counter type="INSTRUCTION" missed="12" covered="0"/><counter type="BRANCH" missed="2" covered="0"/><counter type="LINE" missed="4" covered="0"/><counter type="COMPLEXITY" missed="2" covered="0"/><counter type="METHOD" missed="1" covered="0"/></method><method name="lambda$8" desc="(Lio/vertx/ext/web/RoutingContext;)V" line="298"><counter type="INSTRUCTION" missed="30" covered="0"/><counter type="BRANCH" missed="2" covered="0"/><counter type="LINE" missed="7" covered="0"/><counter type="COMPLEXITY" missed="2" covered="0"/><counter type="METHOD" missed="1" covered="0"/></method><method name="lambda$9" desc="(Lio/vertx/ext/web/RoutingContext;)V" line="308"><counter type="INSTRUCTION" missed="30" covered="0"/><counter type="BRANCH" missed="2" covered="0"/><counter type="LINE" missed="7" covered="0"/><counter type="COMPLEXITY" missed="2" covered="0"/><counter type="METHOD" missed="1" covered="0"/></method><method name="lambda$10" desc="(Lio/vertx/ext/web/Router;Lio/vertx/core/http/HttpServerRequest;)V" line="357"><counter type="INSTRUCTION" missed="7" covered="0"/><counter type="LINE" missed="3" covered="0"/><counter type="COMPLEXITY" missed="1" covered="0"/><counter type="METHOD" missed="1" covered="0"/></method><method name="lambda$11" desc="(Lio/vertx/core/http/HttpServerRequest;)V" line="367"><counter type="INSTRUCTION" missed="28" covered="0"/><counter type="LINE" missed="8" covered="0"/><counter type="COMPLEXITY" missed="1" covered="0"/><counter type="METHOD" missed="1" covered="0"/></method><method name="lambda$14" desc="(Lio/vertx/core/Promise;Lio/vertx/core/AsyncResult;)V" line="391"><counter type="INSTRUCTION" missed="20" covered="0"/><counter type="BRANCH" missed="4" covered="0"/><counter type="LINE" missed="7" covered="0"/><counter type="COMPLEXITY" missed="3" covered="0"/><counter type="METHOD" missed="1" covered="0"/></method><method name="lambda$15" desc="(Lcom/knowledgepixels/query/MetricsCollector;Ljava/lang/Long;)V" line="401"><counter type="INSTRUCTION" missed="3" covered="0"/><counter type="LINE" missed="1" covered="0"/><counter type="COMPLEXITY" missed="1" covered="0"/><counter type="METHOD" missed="1" covered="0"/></method><method name="lambda$16" desc="()V" line="406"><counter type="INSTRUCTION" missed="63" covered="0"/><counter type="BRANCH" missed="6" covered="0"/><counter type="LINE" missed="24" covered="0"/><counter type="COMPLEXITY" missed="4" covered="0"/><counter type="METHOD" missed="1" covered="0"/></method><method name="lambda$18" desc="()V" line="441"><counter type="INSTRUCTION" missed="25" covered="0"/><counter type="LINE" missed="8" covered="0"/><counter type="COMPLEXITY" missed="1" covered="0"/><counter type="METHOD" missed="1" covered="0"/></method><method name="lambda$12" desc="(Ljava/lang/StringBuilder;Lio/vertx/core/buffer/Buffer;)V" line="368"><counter type="INSTRUCTION" missed="6" covered="0"/><counter type="LINE" missed="1" covered="0"/><counter type="COMPLEXITY" missed="1" covered="0"/><counter type="METHOD" missed="1" covered="0"/></method><method name="lambda$13" desc="(Ljava/lang/StringBuilder;Lio/vertx/core/http/HttpServerRequest;Ljava/lang/Void;)V" line="370"><counter type="INSTRUCTION" missed="34" covered="0"/><counter type="LINE" missed="13" covered="0"/><counter type="COMPLEXITY" missed="1" covered="0"/><counter type="METHOD" missed="1" covered="0"/></method><counter type="INSTRUCTION" missed="997" covered="0"/><counter type="BRANCH" missed="56" covered="0"/><counter type="LINE" missed="241" covered="0"/><counter type="COMPLEXITY" missed="53" covered="0"/><counter type="METHOD" missed="25" covered="0"/><counter type="CLASS" missed="1" covered="0"/></class><class name="com/knowledgepixels/query/JellyNanopubLoader" sourcefilename="JellyNanopubLoader.java"><method name="&lt;clinit&gt;" desc="()V" line="22"><counter type="INSTRUCTION" missed="3" covered="31"/><counter type="BRANCH" missed="1" covered="1"/><counter type="LINE" missed="0" covered="14"/><counter type="COMPLEXITY" missed="1" covered="1"/><counter type="METHOD" missed="0" covered="1"/></method><method name="&lt;init&gt;" desc="()V" line="20"><counter type="INSTRUCTION" missed="3" covered="0"/><counter type="LINE" missed="1" covered="0"/><counter type="COMPLEXITY" missed="1" covered="0"/><counter type="METHOD" missed="1" covered="0"/></method><method name="loadInitial" desc="(J)V" line="66"><counter type="INSTRUCTION" missed="26" covered="17"/><counter type="BRANCH" missed="1" covered="1"/><counter type="LINE" missed="8" covered="6"/><counter type="COMPLEXITY" missed="1" covered="1"/><counter type="METHOD" missed="0" covered="1"/></method><method name="loadUpdates" desc="()V" line="93"><counter type="INSTRUCTION" missed="62" covered="0"/><counter type="BRANCH" missed="4" covered="0"/><counter type="LINE" missed="22" covered="0"/><counter type="COMPLEXITY" missed="3" covered="0"/><counter type="METHOD" missed="1" covered="0"/></method><method name="loadBatch" desc="(JLcom/knowledgepixels/query/JellyNanopubLoader$LoadingType;)V" line="137"><counter type="INSTRUCTION" missed="99" covered="0"/><counter type="BRANCH" missed="6" covered="0"/><counter type="LINE" missed="24" covered="0"/><counter type="COMPLEXITY" missed="4" covered="0"/><counter type="METHOD" missed="1" covered="0"/></method><method name="saveCommittedCounter" desc="(Lcom/knowledgepixels/query/JellyNanopubLoader$LoadingType;)V" line="209"><counter type="INSTRUCTION" missed="19" covered="0"/><counter type="BRANCH" missed="2" covered="0"/><counter type="LINE" missed="7" covered="0"/><counter type="COMPLEXITY" missed="2" covered="0"/><counter type="METHOD" missed="1" covered="0"/></method><method name="fetchRegistryLoadCounter" desc="()J" line="225"><counter type="INSTRUCTION" missed="24" covered="21"/><counter type="BRANCH" missed="2" covered="4"/><counter type="LINE" missed="8" covered="7"/><counter type="COMPLEXITY" missed="2" covered="2"/><counter type="METHOD" missed="0" covered="1"/></method><method name="fetchRegistryLoadCounterInner" desc="()J" line="257"><counter type="INSTRUCTION" missed="28" covered="53"/><counter type="BRANCH" missed="7" covered="5"/><counter type="LINE" missed="5" covered="11"/><counter type="COMPLEXITY" missed="6" covered="1"/><counter type="METHOD" missed="0" covered="1"/></method><method name="makeStreamFetchUrl" desc="(J)Ljava/lang/String;" line="291"><counter type="INSTRUCTION" missed="4" covered="0"/><counter type="LINE" missed="1" covered="0"/><counter type="COMPLEXITY" missed="1" covered="0"/><counter type="METHOD" missed="1" covered="0"/></method><method name="lambda$0" desc="(Lcom/knowledgepixels/query/JellyNanopubLoader$LoadingType;Ljava/util/concurrent/atomic/AtomicLong;Ljava/util/concurrent/atomic/AtomicLong;Ljava/util/concurrent/atomic/AtomicLong;Ljava/util/concurrent/atomic/AtomicLong;Lorg/nanopub/jelly/MaybeNanopub;)V" line="159"><counter type="INSTRUCTION" missed="87" covered="0"/><counter type="BRANCH" missed="8" covered="0"/><counter type="LINE" missed="21" covered="0"/><counter type="COMPLEXITY" missed="5" covered="0"/><counter type="METHOD" missed="1" covered="0"/></method><counter type="INSTRUCTION" missed="355" covered="122"/><counter type="BRANCH" missed="31" covered="11"/><counter type="LINE" missed="97" covered="38"/><counter type="COMPLEXITY" missed="26" covered="5"/><counter type="METHOD" missed="6" covered="4"/><counter type="CLASS" missed="0" covered="1"/></class><class name="com/knowledgepixels/query/MetricsCollector" sourcefilename="MetricsCollector.java"><method name="&lt;init&gt;" desc="(Lio/micrometer/core/instrument/MeterRegistry;)V" line="17"><counter type="INSTRUCTION" missed="0" covered="104"/><counter type="BRANCH" missed="0" covered="2"/><counter type="LINE" missed="0" covered="18"/><counter type="COMPLEXITY" missed="0" covered="2"/><counter type="METHOD" missed="0" covered="1"/></method><method name="updateMetrics" desc="()V" line="52"><counter type="INSTRUCTION" missed="0" covered="79"/><counter type="BRANCH" missed="0" covered="4"/><counter type="LINE" missed="0" covered="21"/><counter type="COMPLEXITY" missed="0" covered="3"/><counter type="METHOD" missed="0" covered="1"/></method><method name="lambda$5" desc="(Ljava/lang/String;)Z" line="58"><counter type="INSTRUCTION" missed="0" covered="4"/><counter type="LINE" missed="0" covered="1"/><counter type="COMPLEXITY" missed="0" covered="1"/><counter type="METHOD" missed="0" covered="1"/></method><method name="lambda$6" desc="(Ljava/lang/String;)Z" line="66"><counter type="INSTRUCTION" missed="0" covered="4"/><counter type="LINE" missed="0" covered="1"/><counter type="COMPLEXITY" missed="0" covered="1"/><counter type="METHOD" missed="0" covered="1"/></method><counter type="INSTRUCTION" missed="0" covered="191"/><counter type="BRANCH" missed="0" covered="6"/><counter type="LINE" missed="0" covered="39"/><counter type="COMPLEXITY" missed="0" covered="7"/><counter type="METHOD" missed="0" covered="4"/><counter type="CLASS" missed="0" covered="1"/></class><class name="com/knowledgepixels/query/TripleStore" sourcefilename="TripleStore.java"><method name="&lt;clinit&gt;" desc="()V" line="36"><counter type="INSTRUCTION" missed="0" covered="51"/><counter type="LINE" missed="0" covered="14"/><counter type="COMPLEXITY" missed="0" covered="1"/><counter type="METHOD" missed="0" covered="1"/></method><method name="get" desc="()Lcom/knowledgepixels/query/TripleStore;" line="111"><counter type="INSTRUCTION" missed="10" covered="2"/><counter type="BRANCH" missed="1" covered="1"/><counter type="LINE" missed="4" covered="1"/><counter type="COMPLEXITY" missed="1" covered="1"/><counter type="METHOD" missed="0" covered="1"/></method><method name="&lt;init&gt;" desc="()V" line="98"><counter type="INSTRUCTION" missed="5" covered="35"/><counter type="LINE" missed="2" covered="9"/><counter type="COMPLEXITY" missed="0" covered="1"/><counter type="METHOD" missed="0" covered="1"/></method><method name="getRepository" desc="(Ljava/lang/String;)Lorg/eclipse/rdf4j/repository/Repository;" line="133"><counter type="INSTRUCTION" missed="87" covered="20"/><counter type="BRANCH" missed="5" covered="3"/><counter type="LINE" missed="17" covered="5"/><counter type="COMPLEXITY" missed="4" covered="1"/><counter type="METHOD" missed="0" covered="1"/></method><method name="getRepoConnection" desc="(Ljava/lang/String;)Lorg/eclipse/rdf4j/repository/RepositoryConnection;" line="171"><counter type="INSTRUCTION" missed="11" covered="0"/><counter type="BRANCH" missed="2" covered="0"/><counter type="LINE" missed="4" covered="0"/><counter type="COMPLEXITY" missed="2" covered="0"/><counter type="METHOD" missed="1" covered="0"/></method><method name="createRepo" desc="(Ljava/lang/String;)V" line="179"><counter type="INSTRUCTION" missed="109" covered="0"/><counter type="BRANCH" missed="14" covered="0"/><counter type="LINE" missed="25" covered="0"/><counter type="COMPLEXITY" missed="8" covered="0"/><counter type="METHOD" missed="1" covered="0"/></method><method name="shutdownRepositories" desc="()V" line="262"><counter type="INSTRUCTION" missed="21" covered="0"/><counter type="BRANCH" missed="6" covered="0"/><counter type="LINE" missed="4" covered="0"/><counter type="COMPLEXITY" missed="4" covered="0"/><counter type="METHOD" missed="1" covered="0"/></method><method name="getAdminRepoConnection" desc="()Lorg/eclipse/rdf4j/repository/RepositoryConnection;" line="275"><counter type="INSTRUCTION" missed="4" covered="0"/><counter type="LINE" missed="1" covered="0"/><counter type="COMPLEXITY" missed="1" covered="0"/><counter type="METHOD" missed="1" covered="0"/></method><method name="getRepositoryNames" desc="()Ljava/util/Set;" line="284"><counter type="INSTRUCTION" missed="78" covered="0"/><counter type="BRANCH" missed="8" covered="0"/><counter type="LINE" missed="22" covered="0"/><counter type="COMPLEXITY" missed="5" covered="0"/><counter type="METHOD" missed="1" covered="0"/></method><method name="initNewRepo" desc="(Ljava/lang/String;)V" line="312"><counter type="INSTRUCTION" missed="119" covered="0"/><counter type="BRANCH" missed="6" covered="0"/><counter type="LINE" missed="16" covered="0"/><counter type="COMPLEXITY" missed="4" covered="0"/><counter type="METHOD" missed="1" covered="0"/></method><counter type="INSTRUCTION" missed="444" covered="108"/><counter type="BRANCH" missed="42" covered="4"/><counter type="LINE" missed="95" covered="29"/><counter type="COMPLEXITY" missed="29" covered="4"/><counter type="METHOD" missed="6" covered="4"/><counter type="CLASS" missed="0" covered="1"/></class><class name="com/knowledgepixels/query/LocalNanopubLoader" sourcefilename="LocalNanopubLoader.java"><method name="&lt;clinit&gt;" desc="()V" line="23"><counter type="INSTRUCTION" missed="0" covered="15"/><counter type="LINE" missed="0" covered="3"/><counter type="COMPLEXITY" missed="0" covered="1"/><counter type="METHOD" missed="0" covered="1"/></method><method name="init" desc="()Z" line="39"><counter type="INSTRUCTION" missed="3" covered="35"/><counter type="BRANCH" missed="1" covered="5"/><counter type="LINE" missed="1" covered="11"/><counter type="COMPLEXITY" missed="1" covered="3"/><counter type="METHOD" missed="0" covered="1"/></method><method name="load" desc="()V" line="60"><counter type="INSTRUCTION" missed="8" covered="41"/><counter type="BRANCH" missed="0" covered="6"/><counter type="LINE" missed="3" covered="14"/><counter type="COMPLEXITY" missed="0" covered="4"/><counter type="METHOD" missed="0" covered="1"/></method><method name="lambda$0" desc="(Lorg/nanopub/Nanopub;)V" line="77"><counter type="INSTRUCTION" missed="4" covered="0"/><counter type="LINE" missed="1" covered="0"/><counter type="COMPLEXITY" missed="1" covered="0"/><counter type="METHOD" missed="1" covered="0"/></method><counter type="INSTRUCTION" missed="15" covered="91"/><counter type="BRANCH" missed="1" covered="11"/><counter type="LINE" missed="4" covered="28"/><counter type="COMPLEXITY" missed="2" covered="8"/><counter type="METHOD" missed="1" covered="3"/><counter type="CLASS" missed="0" covered="1"/></class><class name="com/knowledgepixels/query/StatusController$State" sourcefilename="StatusController.java"><method name="&lt;clinit&gt;" desc="()V" line="17"><counter type="INSTRUCTION" missed="0" covered="44"/><counter type="LINE" missed="0" covered="9"/><counter type="COMPLEXITY" missed="0" covered="1"/><counter type="METHOD" missed="0" covered="1"/></method><counter type="INSTRUCTION" missed="0" covered="44"/><counter type="LINE" missed="0" covered="9"/><counter type="COMPLEXITY" missed="0" covered="1"/><counter type="METHOD" missed="0" covered="1"/><counter type="CLASS" missed="0" covered="1"/></class><class name="com/knowledgepixels/query/Utils" sourcefilename="Utils.java"><method name="&lt;clinit&gt;" desc="()V" line="30"><counter type="INSTRUCTION" missed="0" covered="11"/><counter type="LINE" missed="0" covered="4"/><counter type="COMPLEXITY" missed="0" covered="1"/><counter type="METHOD" missed="0" covered="1"/></method><method name="getHashToObjectMap" desc="()Ljava/util/Map;" line="50"><counter type="INSTRUCTION" missed="51" covered="12"/><counter type="BRANCH" missed="2" covered="2"/><counter type="LINE" missed="9" covered="4"/><counter type="COMPLEXITY" missed="1" covered="2"/><counter type="METHOD" missed="0" covered="1"/></method><method name="getObjectForHash" desc="(Ljava/lang/String;)Lorg/eclipse/rdf4j/model/Value;" line="76"><counter type="INSTRUCTION" missed="0" covered="5"/><counter type="LINE" missed="0" covered="1"/><counter type="COMPLEXITY" missed="0" covered="1"/><counter type="METHOD" missed="0" covered="1"/></method><method name="createHash" desc="(Ljava/lang/Object;)Ljava/lang/String;" line="86"><counter type="INSTRUCTION" missed="0" covered="43"/><counter type="BRANCH" missed="0" covered="2"/><counter type="LINE" missed="0" covered="7"/><counter type="COMPLEXITY" missed="0" covered="2"/><counter type="METHOD" missed="0" covered="1"/></method><method name="getValue" desc="(Ljava/lang/Object;)Lorg/eclipse/rdf4j/model/Value;" line="105"><counter type="INSTRUCTION" missed="0" covered="11"/><counter type="BRANCH" missed="0" covered="2"/><counter type="LINE" missed="0" covered="3"/><counter type="COMPLEXITY" missed="0" covered="2"/><counter type="METHOD" missed="0" covered="1"/></method><method name="getShortPubkeyName" desc="(Ljava/lang/String;)Ljava/lang/String;" line="119"><counter type="INSTRUCTION" missed="0" covered="5"/><counter type="LINE" missed="0" covered="1"/><counter type="COMPLEXITY" missed="0" covered="1"/><counter type="METHOD" missed="0" covered="1"/></method><method name="getObjectForPattern" desc="(Lorg/eclipse/rdf4j/repository/RepositoryConnection;Lorg/eclipse/rdf4j/model/IRI;Lorg/eclipse/rdf4j/model/IRI;Lorg/eclipse/rdf4j/model/IRI;)Lorg/eclipse/rdf4j/model/Value;" line="132"><counter type="INSTRUCTION" missed="0" covered="28"/><counter type="BRANCH" missed="0" covered="2"/><counter type="LINE" missed="0" covered="4"/><counter type="COMPLEXITY" missed="0" covered="2"/><counter type="METHOD" missed="0" covered="1"/></method><method name="getObjectsForPattern" desc="(Lorg/eclipse/rdf4j/repository/RepositoryConnection;Lorg/eclipse/rdf4j/model/IRI;Lorg/eclipse/rdf4j/model/IRI;Lorg/eclipse/rdf4j/model/IRI;)Ljava/util/List;" line="149"><counter type="INSTRUCTION" missed="0" covered="35"/><counter type="BRANCH" missed="0" covered="2"/><counter type="LINE" missed="0" covered="6"/><counter type="COMPLEXITY" missed="0" covered="2"/><counter type="METHOD" missed="0" covered="1"/></method><method name="getEnvString" desc="(Ljava/lang/String;Ljava/lang/String;)Ljava/lang/String;" line="168"><counter type="INSTRUCTION" missed="0" covered="17"/><counter type="BRANCH" missed="0" covered="4"/><counter type="LINE" missed="0" covered="6"/><counter type="COMPLEXITY" missed="0" covered="3"/><counter type="METHOD" missed="0" covered="1"/></method><method name="getEnvInt" desc="(Ljava/lang/String;I)I" line="187"><counter type="INSTRUCTION" missed="0" covered="14"/><counter type="BRANCH" missed="0" covered="2"/><counter type="LINE" missed="0" covered="6"/><counter type="COMPLEXITY" missed="0" covered="2"/><counter type="METHOD" missed="0" covered="1"/></method><counter type="INSTRUCTION" missed="51" covered="181"/><counter type="BRANCH" missed="2" covered="16"/><counter type="LINE" missed="9" covered="42"/><counter type="COMPLEXITY" missed="1" covered="18"/><counter type="METHOD" missed="0" covered="10"/><counter type="CLASS" missed="0" covered="1"/></class><class name="com/knowledgepixels/query/NanopubLoader" sourcefilename="NanopubLoader.java"><method name="&lt;clinit&gt;" desc="()V" line="47"><counter type="INSTRUCTION" missed="0" covered="122"/><counter type="LINE" missed="0" covered="27"/><counter type="COMPLEXITY" missed="0" covered="1"/><counter type="METHOD" missed="0" covered="1"/></method><method name="getHttpClient" desc="()Lorg/apache/http/client/HttpClient;" line="55"><counter type="INSTRUCTION" missed="0" covered="20"/><counter type="BRANCH" missed="0" covered="2"/><counter type="LINE" missed="0" covered="4"/><counter type="COMPLEXITY" missed="0" covered="2"/><counter type="METHOD" missed="0" covered="1"/></method><method name="load" desc="(Ljava/lang/String;)V" line="68"><counter type="INSTRUCTION" missed="0" covered="16"/><counter type="BRANCH" missed="0" covered="2"/><counter type="LINE" missed="0" covered="6"/><counter type="COMPLEXITY" missed="0" covered="2"/><counter type="METHOD" missed="0" covered="1"/></method><method name="load" desc="(Lorg/nanopub/Nanopub;J)V" line="84"><counter type="INSTRUCTION" missed="908" covered="49"/><counter type="BRANCH" missed="90" covered="6"/><counter type="LINE" missed="135" covered="9"/><counter type="COMPLEXITY" missed="48" covered="1"/><counter type="METHOD" missed="0" covered="1"/></method><method name="loadNanopubToLatest" desc="(Ljava/util/List;)V" line="353"><counter type="INSTRUCTION" missed="156" covered="0"/><counter type="BRANCH" missed="14" covered="0"/><counter type="LINE" missed="29" covered="0"/><counter type="COMPLEXITY" missed="8" covered="0"/><counter type="METHOD" missed="1" covered="0"/></method><method name="loadNanopubToRepo" desc="(Lorg/eclipse/rdf4j/model/IRI;Ljava/util/List;Ljava/lang/String;)V" line="399"><counter type="INSTRUCTION" missed="154" covered="0"/><counter type="BRANCH" missed="8" covered="0"/><counter type="LINE" missed="28" covered="0"/><counter type="COMPLEXITY" missed="5" covered="0"/><counter type="METHOD" missed="1" covered="0"/></method><method name="fetchRepoStatus" desc="(Lorg/eclipse/rdf4j/repository/RepositoryConnection;Lorg/eclipse/rdf4j/model/IRI;)Lcom/knowledgepixels/query/NanopubLoader$RepoStatus;" line="454"><counter type="INSTRUCTION" missed="49" covered="0"/><counter type="BRANCH" missed="2" covered="0"/><counter type="LINE" missed="6" covered="0"/><counter type="COMPLEXITY" missed="2" covered="0"/><counter type="METHOD" missed="1" covered="0"/></method><method name="loadInvalidateStatements" desc="(Lorg/nanopub/Nanopub;Ljava/lang/String;Lorg/eclipse/rdf4j/model/Statement;Lorg/eclipse/rdf4j/model/Statement;Lorg/eclipse/rdf4j/model/Statement;)V" line="466"><counter type="INSTRUCTION" missed="167" covered="0"/><counter type="BRANCH" missed="22" covered="0"/><counter type="LINE" missed="30" covered="0"/><counter type="COMPLEXITY" missed="12" covered="0"/><counter type="METHOD" missed="1" covered="0"/></method><method name="loadStatements" desc="(Ljava/lang/String;[Lorg/eclipse/rdf4j/model/Statement;)Lorg/eclipse/rdf4j/repository/RepositoryConnection;" line="530"><counter type="INSTRUCTION" missed="30" covered="0"/><counter type="BRANCH" missed="2" covered="0"/><counter type="LINE" missed="5" covered="0"/><counter type="COMPLEXITY" missed="2" covered="0"/><counter type="METHOD" missed="1" covered="0"/></method><method name="getInvalidatingStatements" desc="(Lorg/eclipse/rdf4j/model/IRI;)Ljava/util/List;" line="540"><counter type="INSTRUCTION" missed="98" covered="0"/><counter type="BRANCH" missed="8" covered="0"/><counter type="LINE" missed="22" covered="0"/><counter type="COMPLEXITY" missed="5" covered="0"/><counter type="METHOD" missed="1" covered="0"/></method><method name="loadNoteToRepo" desc="(Lorg/eclipse/rdf4j/model/Resource;Ljava/lang/String;)V" line="574"><counter type="INSTRUCTION" missed="47" covered="0"/><counter type="BRANCH" missed="4" covered="0"/><counter type="LINE" missed="15" covered="0"/><counter type="COMPLEXITY" missed="3" covered="0"/><counter type="METHOD" missed="1" covered="0"/></method><method name="hasValidSignature" desc="(Lorg/nanopub/extra/security/NanopubSignatureElement;)Z" line="597"><counter type="INSTRUCTION" missed="14" covered="7"/><counter type="BRANCH" missed="4" covered="2"/><counter type="LINE" missed="4" covered="2"/><counter type="COMPLEXITY" missed="3" covered="1"/><counter type="METHOD" missed="0" covered="1"/></method><method name="getBaseTrustyUri" desc="(Lorg/eclipse/rdf4j/model/Value;)Lorg/eclipse/rdf4j/model/IRI;" line="608"><counter type="INSTRUCTION" missed="21" covered="0"/><counter type="BRANCH" missed="4" covered="0"/><counter type="LINE" missed="5" covered="0"/><counter type="COMPLEXITY" missed="3" covered="0"/><counter type="METHOD" missed="1" covered="0"/></method><method name="isIntroNanopub" desc="(Lorg/nanopub/Nanopub;)Z" line="618"><counter type="INSTRUCTION" missed="21" covered="0"/><counter type="BRANCH" missed="4" covered="0"/><counter type="LINE" missed="3" covered="0"/><counter type="COMPLEXITY" missed="3" covered="0"/><counter type="METHOD" missed="1" covered="0"/></method><method name="isNanopubLoaded" desc="(Ljava/lang/String;)Z" line="631"><counter type="INSTRUCTION" missed="3" covered="22"/><counter type="BRANCH" missed="0" covered="2"/><counter type="LINE" missed="2" covered="6"/><counter type="COMPLEXITY" missed="0" covered="2"/><counter type="METHOD" missed="0" covered="1"/></method><method name="lambda$0" desc="(Ljava/util/ArrayList;Ljava/lang/Runnable;)V" line="297"><counter type="INSTRUCTION" missed="6" covered="0"/><counter type="LINE" missed="1" covered="0"/><counter type="COMPLEXITY" missed="1" covered="0"/><counter type="METHOD" missed="1" covered="0"/></method><method name="lambda$1" desc="(Ljava/util/List;)V" line="301"><counter type="INSTRUCTION" missed="3" covered="0"/><counter type="LINE" missed="1" covered="0"/><counter type="COMPLEXITY" missed="1" covered="0"/><counter type="METHOD" missed="1" covered="0"/></method><method name="lambda$2" desc="(Lorg/nanopub/Nanopub;Ljava/util/List;)V" line="305"><counter type="INSTRUCTION" missed="6" covered="0"/><counter type="LINE" missed="1" covered="0"/><counter type="COMPLEXITY" missed="1" covered="0"/><counter type="METHOD" missed="1" covered="0"/></method><method name="lambda$3" desc="(Lorg/nanopub/Nanopub;Ljava/util/List;)V" line="306"><counter type="INSTRUCTION" missed="6" covered="0"/><counter type="LINE" missed="1" covered="0"/><counter type="COMPLEXITY" missed="1" covered="0"/><counter type="METHOD" missed="1" covered="0"/></method><method name="lambda$4" desc="(Lorg/nanopub/Nanopub;Ljava/util/List;)V" line="307"><counter type="INSTRUCTION" missed="6" covered="0"/><counter type="LINE" missed="1" covered="0"/><counter type="COMPLEXITY" missed="1" covered="0"/><counter type="METHOD" missed="1" covered="0"/></method><method name="lambda$5" desc="(Lorg/nanopub/Nanopub;Ljava/util/List;Lorg/nanopub/extra/security/NanopubSignatureElement;)V" line="310"><counter type="INSTRUCTION" missed="9" covered="0"/><counter type="LINE" missed="1" covered="0"/><counter type="COMPLEXITY" missed="1" covered="0"/><counter type="METHOD" missed="1" covered="0"/></method><method name="lambda$6" desc="(Lorg/nanopub/Nanopub;Ljava/util/List;Lorg/eclipse/rdf4j/model/IRI;)V" line="316"><counter type="INSTRUCTION" missed="8" covered="0"/><counter type="LINE" missed="1" covered="0"/><counter type="COMPLEXITY" missed="1" covered="0"/><counter type="METHOD" missed="1" covered="0"/></method><method name="lambda$7" desc="(Lorg/nanopub/Nanopub;Lorg/nanopub/extra/security/NanopubSignatureElement;Lorg/eclipse/rdf4j/model/Statement;Lorg/eclipse/rdf4j/model/Statement;Lorg/eclipse/rdf4j/model/Statement;)V" line="335"><counter type="INSTRUCTION" missed="8" covered="0"/><counter type="LINE" missed="1" covered="0"/><counter type="COMPLEXITY" missed="1" covered="0"/><counter type="METHOD" missed="1" covered="0"/></method><counter type="INSTRUCTION" missed="1720" covered="236"/><counter type="BRANCH" missed="162" covered="14"/><counter type="LINE" missed="284" covered="54"/><counter type="COMPLEXITY" missed="102" covered="9"/><counter type="METHOD" missed="17" covered="6"/><counter type="CLASS" missed="0" covered="1"/></class><class name="com/knowledgepixels/query/ApplicationLauncher" sourcefilename="ApplicationLauncher.java"><method name="&lt;init&gt;" desc="()V" line="11"><counter type="INSTRUCTION" missed="0" covered="3"/><counter type="LINE" missed="0" covered="1"/><counter type="COMPLEXITY" missed="0" covered="1"/><counter type="METHOD" missed="0" covered="1"/></method><method name="main" desc="([Ljava/lang/String;)V" line="19"><counter type="INSTRUCTION" missed="0" covered="6"/><counter type="LINE" missed="0" covered="2"/><counter type="COMPLEXITY" missed="0" covered="1"/><counter type="METHOD" missed="0" covered="1"/></method><method name="beforeStartingVertx" desc="(Lio/vertx/core/VertxOptions;)V" line="27"><counter type="INSTRUCTION" missed="0" covered="17"/><counter type="LINE" missed="0" covered="6"/><counter type="COMPLEXITY" missed="0" covered="1"/><counter type="METHOD" missed="0" covered="1"/></method><counter type="INSTRUCTION" missed="0" covered="26"/><counter type="LINE" missed="0" covered="9"/><counter type="COMPLEXITY" missed="0" covered="3"/><counter type="METHOD" missed="0" covered="3"/><counter type="CLASS" missed="0" covered="1"/></class><class name="com/knowledgepixels/query/MainVerticle$1" sourcefilename="MainVerticle.java"><method name="&lt;init&gt;" desc="(Lcom/knowledgepixels/query/MainVerticle;)V" line="81"><counter type="INSTRUCTION" missed="6" covered="0"/><counter type="LINE" missed="1" covered="0"/><counter type="COMPLEXITY" missed="1" covered="0"/><counter type="METHOD" missed="1" covered="0"/></method><method name="handleProxyRequest" desc="(Lio/vertx/httpproxy/ProxyContext;)Lio/vertx/core/Future;" line="85"><counter type="INSTRUCTION" missed="18" covered="0"/><counter type="LINE" missed="3" covered="0"/><counter type="COMPLEXITY" missed="1" covered="0"/><counter type="METHOD" missed="1" covered="0"/></method><method name="handleProxyResponse" desc="(Lio/vertx/httpproxy/ProxyContext;)Lio/vertx/core/Future;" line="97"><counter type="INSTRUCTION" missed="17" covered="0"/><counter type="LINE" missed="4" covered="0"/><counter type="COMPLEXITY" missed="1" covered="0"/><counter type="METHOD" missed="1" covered="0"/></method><counter type="INSTRUCTION" missed="41" covered="0"/><counter type="LINE" missed="8" covered="0"/><counter type="COMPLEXITY" missed="3" covered="0"/><counter type="METHOD" missed="3" covered="0"/><counter type="CLASS" missed="1" covered="0"/></class><class name="com/knowledgepixels/query/OpenApiSpecPage" sourcefilename="OpenApiSpecPage.java"><method name="&lt;init&gt;" desc="(Ljava/lang/String;Lio/vertx/core/MultiMap;)V" line="26"><counter type="INSTRUCTION" missed="61" covered="349"/><counter type="BRANCH" missed="8" covered="22"/><counter type="LINE" missed="11" covered="66"/><counter type="COMPLEXITY" missed="7" covered="9"/><counter type="METHOD" missed="0" covered="1"/></method><method name="getSpec" desc="()Ljava/lang/String;" line="148"><counter type="INSTRUCTION" missed="0" covered="23"/><counter type="BRANCH" missed="0" covered="2"/><counter type="LINE" missed="0" covered="5"/><counter type="COMPLEXITY" missed="0" covered="2"/><counter type="METHOD" missed="0" covered="1"/></method><counter type="INSTRUCTION" missed="61" covered="372"/><counter type="BRANCH" missed="8" covered="24"/><counter type="LINE" missed="11" covered="71"/><counter type="COMPLEXITY" missed="7" covered="11"/><counter type="METHOD" missed="0" covered="2"/><counter type="CLASS" missed="0" covered="1"/></class><class name="com/knowledgepixels/query/StatusController$LoadingStatus" sourcefilename="StatusController.java"><method name="&lt;init&gt;" desc="(Lcom/knowledgepixels/query/StatusController$State;J)V" line="51"><counter type="INSTRUCTION" missed="0" covered="9"/><counter type="LINE" missed="0" covered="4"/><counter type="COMPLEXITY" missed="0" covered="1"/><counter type="METHOD" missed="0" covered="1"/></method><method name="of" desc="(Lcom/knowledgepixels/query/StatusController$State;J)Lcom/knowledgepixels/query/StatusController$LoadingStatus;" line="64"><counter type="INSTRUCTION" missed="0" covered="6"/><counter type="LINE" missed="0" covered="1"/><counter type="COMPLEXITY" missed="0" covered="1"/><counter type="METHOD" missed="0" covered="1"/></method><method name="equals" desc="(Ljava/lang/Object;)Z" line="69"><counter type="INSTRUCTION" missed="0" covered="27"/><counter type="BRANCH" missed="0" covered="8"/><counter type="LINE" missed="0" covered="4"/><counter type="COMPLEXITY" missed="0" covered="5"/><counter type="METHOD" missed="0" covered="1"/></method><method name="hashCode" desc="()I" line="78"><counter type="INSTRUCTION" missed="0" covered="15"/><counter type="LINE" missed="0" covered="1"/><counter type="COMPLEXITY" missed="0" covered="1"/><counter type="METHOD" missed="0" covered="1"/></method><counter type="INSTRUCTION" missed="0" covered="57"/><counter type="BRANCH" missed="0" covered="8"/><counter type="LINE" missed="0" covered="10"/><counter type="COMPLEXITY" missed="0" covered="8"/><counter type="METHOD" missed="0" covered="4"/><counter type="CLASS" missed="0" covered="1"/></class><class name="com/knowledgepixels/query/StatusController" sourcefilename="StatusController.java"><method name="&lt;clinit&gt;" desc="()V" line="92"><counter type="INSTRUCTION" missed="0" covered="5"/><counter type="LINE" missed="0" covered="1"/><counter type="COMPLEXITY" missed="0" covered="1"/><counter type="METHOD" missed="0" covered="1"/></method><method name="&lt;init&gt;" desc="()V" line="12"><counter type="INSTRUCTION" missed="0" covered="12"/><counter type="LINE" missed="0" covered="4"/><counter type="COMPLEXITY" missed="0" covered="1"/><counter type="METHOD" missed="0" covered="1"/></method><method name="get" desc="()Lcom/knowledgepixels/query/StatusController;" line="89"><counter type="INSTRUCTION" missed="0" covered="2"/><counter type="LINE" missed="0" covered="1"/><counter type="COMPLEXITY" missed="0" covered="1"/><counter type="METHOD" missed="0" covered="1"/></method><method name="initialize" desc="()Lcom/knowledgepixels/query/StatusController$LoadingStatus;" line="106"><counter type="INSTRUCTION" missed="35" covered="107"/><counter type="BRANCH" missed="4" covered="4"/><counter type="LINE" missed="8" covered="17"/><counter type="COMPLEXITY" missed="3" covered="2"/><counter type="METHOD" missed="0" covered="1"/></method><method name="getState" desc="()Lcom/knowledgepixels/query/StatusController$LoadingStatus;" line="148"><counter type="INSTRUCTION" missed="0" covered="12"/><counter type="LINE" missed="0" covered="2"/><counter type="COMPLEXITY" missed="0" covered="1"/><counter type="METHOD" missed="0" covered="1"/></method><method name="setLoadingInitial" desc="(J)V" line="162"><counter type="INSTRUCTION" missed="0" covered="41"/><counter type="BRANCH" missed="0" covered="6"/><counter type="LINE" missed="0" covered="7"/><counter type="COMPLEXITY" missed="0" covered="4"/><counter type="METHOD" missed="0" covered="1"/></method><method name="setLoadingUpdates" desc="(J)V" line="181"><counter type="INSTRUCTION" missed="45" covered="0"/><counter type="BRANCH" missed="8" covered="0"/><counter type="LINE" missed="7" covered="0"/><counter type="COMPLEXITY" missed="5" covered="0"/><counter type="METHOD" missed="1" covered="0"/></method><method name="setReady" desc="()V" line="197"><counter type="INSTRUCTION" missed="5" covered="12"/><counter type="BRANCH" missed="1" covered="1"/><counter type="LINE" missed="1" covered="3"/><counter type="COMPLEXITY" missed="1" covered="1"/><counter type="METHOD" missed="0" covered="1"/></method><method name="updateState" desc="(Lcom/knowledgepixels/query/StatusController$State;J)V" line="205"><counter type="INSTRUCTION" missed="13" covered="76"/><counter type="BRANCH" missed="2" covered="0"/><counter type="LINE" missed="2" covered="11"/><counter type="COMPLEXITY" missed="1" covered="1"/><counter type="METHOD" missed="0" covered="1"/></method><method name="stateAsLiteral" desc="(Lcom/knowledgepixels/query/StatusController$State;)Lorg/eclipse/rdf4j/model/Literal;" line="224"><counter type="INSTRUCTION" missed="0" covered="7"/><counter type="LINE" missed="0" covered="1"/><counter type="COMPLEXITY" missed="0" covered="1"/><counter type="METHOD" missed="0" covered="1"/></method><counter type="INSTRUCTION" missed="98" covered="274"/><counter type="BRANCH" missed="15" covered="11"/><counter type="LINE" missed="18" covered="47"/><counter type="COMPLEXITY" missed="10" covered="13"/><counter type="METHOD" missed="1" covered="9"/><counter type="CLASS" missed="0" covered="1"/></class><class name="com/knowledgepixels/query/GrlcSpecPage" sourcefilename="GrlcSpecPage.java"><method name="&lt;clinit&gt;" desc="()V" line="24"><counter type="INSTRUCTION" missed="0" covered="15"/><counter type="LINE" missed="0" covered="4"/><counter type="COMPLEXITY" missed="0" covered="1"/><counter type="METHOD" missed="0" covered="1"/></method><method name="&lt;init&gt;" desc="(Ljava/lang/String;Lio/vertx/core/MultiMap;)V" line="57"><counter type="INSTRUCTION" missed="5" covered="178"/><counter type="BRANCH" missed="6" covered="24"/><counter type="LINE" missed="2" covered="28"/><counter type="COMPLEXITY" missed="6" covered="10"/><counter type="METHOD" missed="0" covered="1"/></method><method name="getSpec" desc="()Ljava/lang/String;" line="102"><counter type="INSTRUCTION" missed="4" covered="161"/><counter type="BRANCH" missed="8" covered="16"/><counter type="LINE" missed="2" covered="34"/><counter type="COMPLEXITY" missed="8" covered="5"/><counter type="METHOD" missed="0" covered="1"/></method><method name="escape" desc="(Ljava/lang/String;)Ljava/lang/String;" line="149"><counter type="INSTRUCTION" missed="0" covered="11"/><counter type="LINE" missed="0" covered="1"/><counter type="COMPLEXITY" missed="0" covered="1"/><counter type="METHOD" missed="0" covered="1"/></method><counter type="INSTRUCTION" missed="9" covered="365"/><counter type="BRANCH" missed="14" covered="40"/><counter type="LINE" missed="4" covered="67"/><counter type="COMPLEXITY" missed="14" covered="17"/><counter type="METHOD" missed="0" covered="4"/><counter type="CLASS" missed="0" covered="1"/></class><class name="com/knowledgepixels/query/MainVerticle$2" sourcefilename="MainVerticle.java"><method name="&lt;init&gt;" desc="(Lcom/knowledgepixels/query/MainVerticle;)V" line="321"><counter type="INSTRUCTION" missed="6" covered="0"/><counter type="LINE" missed="1" covered="0"/><counter type="COMPLEXITY" missed="1" covered="0"/><counter type="METHOD" missed="1" covered="0"/></method><method name="handleProxyRequest" desc="(Lio/vertx/httpproxy/ProxyContext;)Lio/vertx/core/Future;" line="325"><counter type="INSTRUCTION" missed="89" covered="0"/><counter type="BRANCH" missed="6" covered="0"/><counter type="LINE" missed="17" covered="0"/><counter type="COMPLEXITY" missed="4" covered="0"/><counter type="METHOD" missed="1" covered="0"/></method><method name="handleProxyResponse" desc="(Lio/vertx/httpproxy/ProxyContext;)Lio/vertx/core/Future;" line="350"><counter type="INSTRUCTION" missed="9" covered="0"/><counter type="LINE" missed="2" covered="0"/><counter type="COMPLEXITY" missed="1" covered="0"/><counter type="METHOD" missed="1" covered="0"/></method><counter type="INSTRUCTION" missed="104" covered="0"/><counter type="BRANCH" missed="6" covered="0"/><counter type="LINE" missed="20" covered="0"/><counter type="COMPLEXITY" missed="6" covered="0"/><counter type="METHOD" missed="3" covered="0"/><counter type="CLASS" missed="1" covered="0"/></class><class name="com/knowledgepixels/query/NanopubLoader$RepoStatus" sourcefilename="NanopubLoader.java"><method name="&lt;init&gt;" desc="(ZJLjava/lang/String;)V" line="1"><counter type="INSTRUCTION" missed="12" covered="0"/><counter type="LINE" missed="1" covered="0"/><counter type="COMPLEXITY" missed="1" covered="0"/><counter type="METHOD" missed="1" covered="0"/></method><counter type="INSTRUCTION" missed="12" covered="0"/><counter type="LINE" missed="1" covered="0"/><counter type="COMPLEXITY" missed="1" covered="0"/><counter type="METHOD" missed="1" covered="0"/><counter type="CLASS" missed="1" covered="0"/></class><sourcefile name="MainVerticle.java"><line nr="35" mi="3" ci="0" mb="0" cb="0"/><line nr="37" mi="3" ci="0" mb="0" cb="0"/><line nr="38" mi="3" ci="0" mb="0" cb="0"/><line nr="40" mi="3" ci="0" mb="0" cb="0"/><line nr="43" mi="10" ci="0" mb="4" cb="0"/><line nr="54" mi="4" ci="0" mb="0" cb="0"/><line nr="55" mi="3" ci="0" mb="0" cb="0"/><line nr="56" mi="4" ci="0" mb="0" cb="0"/><line nr="57" mi="6" ci="0" mb="0" cb="0"/><line nr="58" mi="7" ci="0" mb="0" cb="0"/><line nr="61" mi="4" ci="0" mb="0" cb="0"/><line nr="62" mi="4" ci="0" mb="0" cb="0"/><line nr="63" mi="7" ci="0" mb="0" cb="0"/><line nr="66" mi="4" ci="0" mb="0" cb="0"/><line nr="67" mi="4" ci="0" mb="0" cb="0"/><line nr="68" mi="6" ci="0" mb="0" cb="0"/><line nr="70" mi="3" ci="0" mb="0" cb="0"/><line nr="71" mi="5" ci="0" mb="0" cb="0"/><line nr="72" mi="7" ci="0" mb="0" cb="0"/><line nr="76" mi="3" ci="0" mb="0" cb="0"/><line nr="77" mi="4" ci="0" mb="0" cb="0"/><line nr="78" mi="4" ci="0" mb="0" cb="0"/><line nr="79" mi="5" ci="0" mb="0" cb="0"/><line nr="81" mi="13" ci="0" mb="0" cb="0"/><line nr="85" mi="3" ci="0" mb="0" cb="0"/><line nr="86" mi="11" ci="0" mb="0" cb="0"/><line nr="92" mi="4" ci="0" mb="0" cb="0"/><line nr="97" mi="3" ci="0" mb="0" cb="0"/><line nr="98" mi="5" ci="0" mb="0" cb="0"/><line nr="99" mi="5" ci="0" mb="0" cb="0"/><line nr="106" mi="4" ci="0" mb="0" cb="0"/><line nr="112" mi="11" ci="0" mb="0" cb="0"/><line nr="113" mi="8" ci="0" mb="0" cb="0"/><line nr="114" mi="8" ci="0" mb="0" cb="0"/><line nr="115" mi="8" ci="0" mb="0" cb="0"/><line nr="116" mi="8" ci="0" mb="0" cb="0"/><line nr="117" mi="7" ci="0" mb="0" cb="0"/><line nr="118" mi="2" ci="0" mb="0" cb="0"/><line nr="119" mi="5" ci="0" mb="2" cb="0"/><line nr="120" mi="6" ci="0" mb="0" cb="0"/><line nr="121" mi="2" ci="0" mb="0" cb="0"/><line nr="122" mi="3" ci="0" mb="0" cb="0"/><line nr="123" mi="3" ci="0" mb="0" cb="0"/><line nr="129" mi="1" ci="0" mb="0" cb="0"/><line nr="136" mi="1" ci="0" mb="0" cb="0"/><line nr="141" mi="5" ci="0" mb="0" cb="0"/><line nr="146" mi="1" ci="0" mb="0" cb="0"/><line nr="147" mi="2" ci="0" mb="0" cb="0"/><line nr="148" mi="3" ci="0" mb="0" cb="0"/><line nr="149" mi="2" ci="0" mb="0" cb="0"/><line nr="150" mi="3" ci="0" mb="0" cb="0"/><line nr="152" mi="1" ci="0" mb="0" cb="0"/><line nr="153" mi="11" ci="0" mb="0" cb="0"/><line nr="154" mi="7" ci="0" mb="0" cb="0"/><line nr="155" mi="2" ci="0" mb="0" cb="0"/><line nr="156" mi="5" ci="0" mb="2" cb="0"/><line nr="157" mi="6" ci="0" mb="0" cb="0"/><line nr="158" mi="2" ci="0" mb="0" cb="0"/><line nr="159" mi="3" ci="0" mb="0" cb="0"/><line nr="160" mi="3" ci="0" mb="0" cb="0"/><line nr="166" mi="1" ci="0" mb="0" cb="0"/><line nr="170" mi="1" ci="0" mb="0" cb="0"/><line nr="171" mi="2" ci="0" mb="0" cb="0"/><line nr="172" mi="2" ci="0" mb="0" cb="0"/><line nr="175" mi="1" ci="0" mb="0" cb="0"/><line nr="176" mi="2" ci="0" mb="0" cb="0"/><line nr="177" mi="3" ci="0" mb="0" cb="0"/><line nr="178" mi="2" ci="0" mb="0" cb="0"/><line nr="179" mi="3" ci="0" mb="0" cb="0"/><line nr="181" mi="1" ci="0" mb="0" cb="0"/><line nr="182" mi="7" ci="0" mb="0" cb="0"/><line nr="183" mi="2" ci="0" mb="0" cb="0"/><line nr="184" mi="6" ci="0" mb="0" cb="0"/><line nr="185" mi="2" ci="0" mb="0" cb="0"/><line nr="186" mi="11" ci="0" mb="2" cb="0"/><line nr="187" mi="9" ci="0" mb="4" cb="0"/><line nr="188" mi="5" ci="0" mb="0" cb="0"/><line nr="190" mi="4" ci="0" mb="0" cb="0"/><line nr="191" mi="4" ci="0" mb="0" cb="0"/><line nr="192" mi="2" ci="0" mb="0" cb="0"/><line nr="193" mi="3" ci="0" mb="2" cb="0"/><line nr="194" mi="16" ci="0" mb="2" cb="0"/><line nr="195" mi="8" ci="0" mb="0" cb="0"/><line nr="197" mi="2" ci="0" mb="0" cb="0"/><line nr="199" mi="1" ci="0" mb="0" cb="0"/><line nr="202" mi="2" ci="0" mb="0" cb="0"/><line nr="203" mi="3" ci="0" mb="0" cb="0"/><line nr="204" mi="3" ci="0" mb="0" cb="0"/><line nr="214" mi="1" ci="0" mb="0" cb="0"/><line nr="220" mi="1" ci="0" mb="0" cb="0"/><line nr="223" mi="1" ci="0" mb="0" cb="0"/><line nr="224" mi="7" ci="0" mb="0" cb="0"/><line nr="225" mi="2" ci="0" mb="0" cb="0"/><line nr="226" mi="6" ci="0" mb="0" cb="0"/><line nr="227" mi="2" ci="0" mb="0" cb="0"/><line nr="228" mi="11" ci="0" mb="2" cb="0"/><line nr="229" mi="5" ci="0" mb="2" cb="0"/><line nr="230" mi="5" ci="0" mb="0" cb="0"/><line nr="231" mi="3" ci="0" mb="0" cb="0"/><line nr="233" mi="2" ci="0" mb="2" cb="0"/><line nr="234" mi="2" ci="0" mb="0" cb="0"/><line nr="235" mi="1" ci="0" mb="0" cb="0"/><line nr="236" mi="5" ci="0" mb="0" cb="0"/><line nr="238" mi="5" ci="0" mb="0" cb="0"/><line nr="239" mi="6" ci="0" mb="0" cb="0"/><line nr="241" mi="2" ci="0" mb="0" cb="0"/><line nr="242" mi="3" ci="0" mb="0" cb="0"/><line nr="243" mi="3" ci="0" mb="0" cb="0"/><line nr="253" mi="1" ci="0" mb="0" cb="0"/><line nr="256" mi="1" ci="0" mb="0" cb="0"/><line nr="257" mi="7" ci="0" mb="0" cb="0"/><line nr="258" mi="2" ci="0" mb="0" cb="0"/><line nr="259" mi="6" ci="0" mb="0" cb="0"/><line nr="260" mi="2" ci="0" mb="0" cb="0"/><line nr="261" mi="11" ci="0" mb="2" cb="0"/><line nr="262" mi="5" ci="0" mb="2" cb="0"/><line nr="263" mi="5" ci="0" mb="0" cb="0"/><line nr="264" mi="3" ci="0" mb="0" cb="0"/><line nr="266" mi="2" ci="0" mb="2" cb="0"/><line nr="267" mi="2" ci="0" mb="0" cb="0"/><line nr="268" mi="1" ci="0" mb="0" cb="0"/><line nr="269" mi="4" ci="0" mb="0" cb="0"/><line nr="271" mi="5" ci="0" mb="0" cb="0"/><line nr="272" mi="6" ci="0" mb="0" cb="0"/><line nr="274" mi="2" ci="0" mb="0" cb="0"/><line nr="275" mi="3" ci="0" mb="0" cb="0"/><line nr="276" mi="3" ci="0" mb="0" cb="0"/><line nr="286" mi="1" ci="0" mb="0" cb="0"/><line nr="289" mi="1" ci="0" mb="0" cb="0"/><line nr="290" mi="8" ci="0" mb="0" cb="0"/><line nr="291" mi="2" ci="0" mb="2" cb="0"/><line nr="292" mi="4" ci="0" mb="0" cb="0"/><line nr="294" mi="5" ci="0" mb="0" cb="0"/><line nr="295" mi="1" ci="0" mb="0" cb="0"/><line nr="297" mi="7" ci="0" mb="0" cb="0"/><line nr="298" mi="8" ci="0" mb="0" cb="0"/><line nr="299" mi="3" ci="0" mb="0" cb="0"/><line nr="300" mi="2" ci="0" mb="2" cb="0"/><line nr="301" mi="7" ci="0" mb="0" cb="0"/><line nr="302" mi="1" ci="0" mb="0" cb="0"/><line nr="303" mi="8" ci="0" mb="0" cb="0"/><line nr="305" mi="1" ci="0" mb="0" cb="0"/><line nr="307" mi="7" ci="0" mb="0" cb="0"/><line nr="308" mi="8" ci="0" mb="0" cb="0"/><line nr="309" mi="3" ci="0" mb="0" cb="0"/><line nr="310" mi="2" ci="0" mb="2" cb="0"/><line nr="311" mi="7" ci="0" mb="0" cb="0"/><line nr="312" mi="1" ci="0" mb="0" cb="0"/><line nr="313" mi="8" ci="0" mb="0" cb="0"/><line nr="315" mi="1" ci="0" mb="0" cb="0"/><line nr="317" mi="7" ci="0" mb="0" cb="0"/><line nr="319" mi="3" ci="0" mb="0" cb="0"/><line nr="320" mi="5" ci="0" mb="0" cb="0"/><line nr="321" mi="13" ci="0" mb="0" cb="0"/><line nr="325" mi="2" ci="0" mb="0" cb="0"/><line nr="326" mi="6" ci="0" mb="2" cb="0"/><line nr="327" mi="7" ci="0" mb="0" cb="0"/><line nr="328" mi="7" ci="0" mb="0" cb="0"/><line nr="329" mi="2" ci="0" mb="0" cb="0"/><line nr="330" mi="2" ci="0" mb="0" cb="0"/><line nr="331" mi="5" ci="0" mb="0" cb="0"/><line nr="332" mi="11" ci="0" mb="2" cb="0"/><line nr="333" mi="6" ci="0" mb="2" cb="0"/><line nr="334" mi="11" ci="0" mb="0" cb="0"/><line nr="335" mi="1" ci="0" mb="0" cb="0"/><line nr="336" mi="11" ci="0" mb="0" cb="0"/><line nr="339" mi="3" ci="0" mb="0" cb="0"/><line nr="340" mi="4" ci="0" mb="0" cb="0"/><line nr="341" mi="3" ci="0" mb="0" cb="0"/><line nr="342" mi="5" ci="0" mb="0" cb="0"/><line nr="344" mi="3" ci="0" mb="0" cb="0"/><line nr="350" mi="6" ci="0" mb="0" cb="0"/><line nr="351" mi="3" ci="0" mb="0" cb="0"/><line nr="356" mi="5" ci="0" mb="0" cb="0"/><line nr="357" mi="3" ci="0" mb="0" cb="0"/><line nr="358" mi="3" ci="0" mb="0" cb="0"/><line nr="359" mi="1" ci="0" mb="0" cb="0"/><line nr="360" mi="4" ci="0" mb="0" cb="0"/><line nr="362" mi="7" ci="0" mb="0" cb="0"/><line nr="363" mi="7" ci="0" mb="0" cb="0"/><line nr="365" mi="5" ci="0" mb="0" cb="0"/><line nr="367" mi="4" ci="0" mb="0" cb="0"/><line nr="368" mi="11" ci="0" mb="0" cb="0"/><line nr="369" mi="6" ci="0" mb="0" cb="0"/><line nr="370" mi="3" ci="0" mb="0" cb="0"/><line nr="372" mi="6" ci="0" mb="0" cb="0"/><line nr="373" mi="3" ci="0" mb="0" cb="0"/><line nr="374" mi="2" ci="0" mb="0" cb="0"/><line nr="375" mi="4" ci="0" mb="0" cb="0"/><line nr="376" mi="4" ci="0" mb="0" cb="0"/><line nr="377" mi="2" ci="0" mb="0" cb="0"/><line nr="378" mi="2" ci="0" mb="0" cb="0"/><line nr="379" mi="1" ci="0" mb="0" cb="0"/><line nr="381" mi="2" ci="0" mb="0" cb="0"/><line nr="382" mi="2" ci="0" mb="0" cb="0"/><line nr="383" mi="2" ci="0" mb="0" cb="0"/><line nr="384" mi="1" ci="0" mb="0" cb="0"/><line nr="385" mi="2" ci="0" mb="0" cb="0"/><line nr="386" mi="4" ci="0" mb="0" cb="0"/><line nr="387" mi="4" ci="0" mb="0" cb="0"/><line nr="388" mi="2" ci="0" mb="0" cb="0"/><line nr="390" mi="8" ci="0" mb="0" cb="0"/><line nr="391" mi="3" ci="0" mb="2" cb="0"/><line nr="392" mi="3" ci="0" mb="0" cb="0"/><line nr="393" mi="5" ci="0" mb="2" cb="0"/><line nr="394" mi="3" ci="0" mb="0" cb="0"/><line nr="395" mi="1" ci="0" mb="0" cb="0"/><line nr="396" mi="4" ci="0" mb="0" cb="0"/><line nr="398" mi="1" ci="0" mb="0" cb="0"/><line nr="401" mi="10" ci="0" mb="0" cb="0"/><line nr="404" mi="4" ci="0" mb="0" cb="0"/><line nr="406" mi="3" ci="0" mb="0" cb="0"/><line nr="407" mi="8" ci="0" mb="0" cb="0"/><line nr="408" mi="8" ci="0" mb="4" cb="0"/><line nr="410" mi="4" ci="0" mb="0" cb="0"/><line nr="412" mi="2" ci="0" mb="2" cb="0"/><line nr="413" mi="3" ci="0" mb="0" cb="0"/><line nr="414" mi="1" ci="0" mb="0" cb="0"/><line nr="415" mi="3" ci="0" mb="0" cb="0"/><line nr="417" mi="2" ci="0" mb="0" cb="0"/><line nr="418" mi="1" ci="0" mb="0" cb="0"/><line nr="419" mi="3" ci="0" mb="0" cb="0"/><line nr="420" mi="2" ci="0" mb="0" cb="0"/><line nr="422" mi="2" ci="0" mb="0" cb="0"/><line nr="423" mi="2" ci="0" mb="0" cb="0"/><line nr="424" mi="3" ci="0" mb="0" cb="0"/><line nr="425" mi="3" ci="0" mb="0" cb="0"/><line nr="429" mi="3" ci="0" mb="0" cb="0"/><line nr="430" mi="2" ci="0" mb="0" cb="0"/><line nr="431" mi="3" ci="0" mb="0" cb="0"/><line nr="432" mi="1" ci="0" mb="0" cb="0"/><line nr="433" mi="1" ci="0" mb="0" cb="0"/><line nr="434" mi="1" ci="0" mb="0" cb="0"/><line nr="435" mi="1" ci="0" mb="0" cb="0"/><line nr="437" mi="2" ci="0" mb="0" cb="0"/><line nr="439" mi="7" ci="0" mb="0" cb="0"/><line nr="441" mi="3" ci="0" mb="0" cb="0"/><line nr="442" mi="2" ci="0" mb="0" cb="0"/><line nr="443" mi="9" ci="0" mb="0" cb="0"/><line nr="444" mi="3" ci="0" mb="0" cb="0"/><line nr="445" mi="2" ci="0" mb="0" cb="0"/><line nr="446" mi="3" ci="0" mb="0" cb="0"/><line nr="447" mi="2" ci="0" mb="0" cb="0"/><line nr="449" mi="1" ci="0" mb="0" cb="0"/><line nr="450" mi="1" ci="0" mb="0" cb="0"/><line nr="453" mi="7" ci="0" mb="0" cb="0"/><line nr="454" mi="11" ci="0" mb="0" cb="0"/><line nr="455" mi="8" ci="0" mb="2" cb="0"/><line nr="456" mi="2" ci="0" mb="0" cb="0"/><line nr="461" mi="2" ci="0" mb="0" cb="0"/><line nr="462" mi="5" ci="0" mb="2" cb="0"/><line nr="463" mi="10" ci="0" mb="0" cb="0"/><line nr="464" mi="6" ci="0" mb="2" cb="0"/><line nr="465" mi="7" ci="0" mb="0" cb="0"/><line nr="466" mi="10" ci="0" mb="0" cb="0"/><line nr="467" mi="6" ci="0" mb="0" cb="0"/><line nr="468" mi="7" ci="0" mb="2" cb="0"/><line nr="469" mi="7" ci="0" mb="0" cb="0"/><line nr="470" mi="10" ci="0" mb="0" cb="0"/><line nr="471" mi="6" ci="0" mb="0" cb="0"/><line nr="472" mi="7" ci="0" mb="2" cb="0"/><line nr="473" mi="7" ci="0" mb="0" cb="0"/><line nr="474" mi="10" ci="0" mb="0" cb="0"/><line nr="475" mi="6" ci="0" mb="0" cb="0"/><line nr="477" mi="1" ci="0" mb="0" cb="0"/><line nr="485" mi="8" ci="0" mb="0" cb="0"/><line nr="486" mi="1" ci="0" mb="0" cb="0"/><counter type="INSTRUCTION" missed="1142" covered="0"/><counter type="BRANCH" missed="62" covered="0"/><counter type="LINE" missed="267" covered="0"/><counter type="COMPLEXITY" missed="62" covered="0"/><counter type="METHOD" missed="31" covered="0"/><counter type="CLASS" missed="3" covered="0"/></sourcefile><sourcefile name="TripleStore.java"><line nr="36" mi="0" ci="2" mb="0" cb="0"/><line nr="41" mi="0" ci="4" mb="0" cb="0"/><line nr="46" mi="0" ci="4" mb="0" cb="0"/><line nr="51" mi="0" ci="4" mb="0" cb="0"/><line nr="56" mi="0" ci="4" mb="0" cb="0"/><line nr="61" mi="0" ci="4" mb="0" cb="0"/><line nr="66" mi="0" ci="4" mb="0" cb="0"/><line nr="71" mi="0" ci="4" mb="0" cb="0"/><line nr="76" mi="0" ci="4" mb="0" cb="0"/><line nr="81" mi="0" ci="4" mb="0" cb="0"/><line nr="86" mi="0" ci="4" mb="0" cb="0"/><line nr="91" mi="0" ci="4" mb="0" cb="0"/><line nr="96" mi="0" ci="4" mb="0" cb="0"/><line nr="98" mi="0" ci="5" mb="0" cb="0"/><line nr="100" mi="0" ci="3" mb="0" cb="0"/><line nr="101" mi="0" ci="3" mb="0" cb="0"/><line nr="103" mi="0" ci="1" mb="0" cb="0"/><line nr="111" mi="0" ci="2" mb="1" cb="1"/><line nr="113" mi="4" ci="0" mb="0" cb="0"/><line nr="114" mi="2" ci="0" mb="0" cb="0"/><line nr="115" mi="2" ci="0" mb="0" cb="0"/><line nr="118" mi="2" ci="0" mb="0" cb="0"/><line nr="121" mi="0" ci="2" mb="0" cb="0"/><line nr="122" mi="0" ci="2" mb="0" cb="0"/><line nr="123" mi="0" ci="6" mb="0" cb="0"/><line nr="124" mi="0" ci="5" mb="0" cb="0"/><line nr="125" mi="0" ci="6" mb="0" cb="0"/><line nr="127" mi="4" ci="0" mb="0" cb="0"/><line nr="128" mi="1" ci="0" mb="0" cb="0"/><line nr="130" mi="0" ci="3" mb="0" cb="0"/><line nr="133" mi="0" ci="4" mb="0" cb="0"/><line nr="134" mi="0" ci="6" mb="1" cb="1"/><line nr="135" mi="7" ci="0" mb="0" cb="0"/><line nr="136" mi="6" ci="0" mb="0" cb="0"/><line nr="137" mi="6" ci="0" mb="0" cb="0"/><line nr="138" mi="4" ci="0" mb="0" cb="0"/><line nr="139" mi="3" ci="0" mb="0" cb="0"/><line nr="141" mi="0" ci="5" mb="1" cb="1"/><line nr="143" mi="6" ci="0" mb="0" cb="0"/><line nr="144" mi="6" ci="0" mb="0" cb="0"/><line nr="145" mi="1" ci="0" mb="0" cb="0"/><line nr="146" mi="0" ci="2" mb="0" cb="0"/><line nr="147" mi="5" ci="3" mb="3" cb="1"/><line nr="148" mi="8" ci="0" mb="0" cb="0"/><line nr="149" mi="4" ci="0" mb="0" cb="0"/><line nr="150" mi="2" ci="0" mb="0" cb="0"/><line nr="153" mi="1" ci="0" mb="0" cb="0"/><line nr="154" mi="7" ci="0" mb="0" cb="0"/><line nr="156" mi="6" ci="0" mb="0" cb="0"/><line nr="157" mi="3" ci="0" mb="0" cb="0"/><line nr="158" mi="4" ci="0" mb="0" cb="0"/><line nr="160" mi="8" ci="0" mb="0" cb="0"/><line nr="171" mi="4" ci="0" mb="0" cb="0"/><line nr="172" mi="2" ci="0" mb="2" cb="0"/><line nr="173" mi="2" ci="0" mb="0" cb="0"/><line nr="175" mi="3" ci="0" mb="0" cb="0"/><line nr="179" mi="4" ci="0" mb="2" cb="0"/><line nr="180" mi="4" ci="0" mb="0" cb="0"/><line nr="182" mi="6" ci="0" mb="0" cb="0"/><line nr="223" mi="2" ci="0" mb="0" cb="0"/><line nr="224" mi="8" ci="0" mb="4" cb="0"/><line nr="225" mi="2" ci="0" mb="0" cb="0"/><line nr="228" mi="5" ci="0" mb="0" cb="0"/><line nr="231" mi="5" ci="0" mb="0" cb="0"/><line nr="233" mi="2" ci="0" mb="0" cb="0"/><line nr="234" mi="4" ci="0" mb="2" cb="0"/><line nr="235" mi="2" ci="0" mb="0" cb="0"/><line nr="238" mi="16" ci="0" mb="0" cb="0"/><line nr="240" mi="4" ci="0" mb="0" cb="0"/><line nr="241" mi="4" ci="0" mb="0" cb="0"/><line nr="242" mi="3" ci="0" mb="2" cb="0"/><line nr="244" mi="4" ci="0" mb="0" cb="0"/><line nr="245" mi="7" ci="0" mb="4" cb="0"/><line nr="247" mi="3" ci="0" mb="0" cb="0"/><line nr="248" mi="1" ci="0" mb="0" cb="0"/><line nr="249" mi="6" ci="0" mb="0" cb="0"/><line nr="250" mi="5" ci="0" mb="0" cb="0"/><line nr="251" mi="8" ci="0" mb="0" cb="0"/><line nr="253" mi="1" ci="0" mb="0" cb="0"/><line nr="254" mi="2" ci="0" mb="0" cb="0"/><line nr="256" mi="1" ci="0" mb="0" cb="0"/><line nr="262" mi="13" ci="0" mb="2" cb="0"/><line nr="263" mi="5" ci="0" mb="4" cb="0"/><line nr="264" mi="2" ci="0" mb="0" cb="0"/><line nr="267" mi="1" ci="0" mb="0" cb="0"/><line nr="275" mi="4" ci="0" mb="0" cb="0"/><line nr="284" mi="2" ci="0" mb="0" cb="0"/><line nr="285" mi="6" ci="0" mb="0" cb="0"/><line nr="286" mi="4" ci="0" mb="0" cb="0"/><line nr="287" mi="4" ci="0" mb="0" cb="0"/><line nr="288" mi="3" ci="0" mb="0" cb="0"/><line nr="289" mi="1" ci="0" mb="0" cb="0"/><line nr="290" mi="10" ci="0" mb="0" cb="0"/><line nr="291" mi="4" ci="0" mb="0" cb="0"/><line nr="292" mi="8" ci="0" mb="4" cb="0"/><line nr="293" mi="4" ci="0" mb="0" cb="0"/><line nr="294" mi="2" ci="0" mb="0" cb="0"/><line nr="295" mi="1" ci="0" mb="0" cb="0"/><line nr="296" mi="3" ci="0" mb="0" cb="0"/><line nr="297" mi="3" ci="0" mb="2" cb="0"/><line nr="298" mi="2" ci="0" mb="2" cb="0"/><line nr="299" mi="6" ci="0" mb="0" cb="0"/><line nr="300" mi="6" ci="0" mb="0" cb="0"/><line nr="302" mi="1" ci="0" mb="0" cb="0"/><line nr="304" mi="1" ci="0" mb="0" cb="0"/><line nr="305" mi="2" ci="0" mb="0" cb="0"/><line nr="306" mi="2" ci="0" mb="0" cb="0"/><line nr="308" mi="3" ci="0" mb="0" cb="0"/><line nr="312" mi="6" ci="0" mb="0" cb="0"/><line nr="313" mi="4" ci="0" mb="0" cb="0"/><line nr="314" mi="4" ci="0" mb="2" cb="0"/><line nr="315" mi="4" ci="0" mb="0" cb="0"/><line nr="316" mi="4" ci="0" mb="0" cb="0"/><line nr="318" mi="3" ci="0" mb="0" cb="0"/><line nr="319" mi="13" ci="0" mb="0" cb="0"/><line nr="320" mi="13" ci="0" mb="0" cb="0"/><line nr="321" mi="13" ci="0" mb="0" cb="0"/><line nr="322" mi="8" ci="0" mb="4" cb="0"/><line nr="323" mi="5" ci="0" mb="0" cb="0"/><line nr="324" mi="12" ci="0" mb="0" cb="0"/><line nr="325" mi="13" ci="0" mb="0" cb="0"/><line nr="326" mi="14" ci="0" mb="0" cb="0"/><line nr="328" mi="2" ci="0" mb="0" cb="0"/><line nr="331" mi="1" ci="0" mb="0" cb="0"/><counter type="INSTRUCTION" missed="444" covered="108"/><counter type="BRANCH" missed="42" covered="4"/><counter type="LINE" missed="95" covered="29"/><counter type="COMPLEXITY" missed="29" covered="4"/><counter type="METHOD" missed="6" covered="4"/><counter type="CLASS" missed="0" covered="1"/></sourcefile><sourcefile name="ApplicationLauncher.java"><line nr="11" mi="0" ci="3" mb="0" cb="0"/><line nr="19" mi="0" ci="5" mb="0" cb="0"/><line nr="20" mi="0" ci="1" mb="0" cb="0"/><line nr="27" mi="0" ci="3" mb="0" cb="0"/><line nr="28" mi="0" ci="3" mb="0" cb="0"/><line nr="29" mi="0" ci="6" mb="0" cb="0"/><line nr="30" mi="0" ci="2" mb="0" cb="0"/><line nr="31" mi="0" ci="2" mb="0" cb="0"/><line nr="33" mi="0" ci="1" mb="0" cb="0"/><counter type="INSTRUCTION" missed="0" covered="26"/><counter type="LINE" missed="0" covered="9"/><counter type="COMPLEXITY" missed="0" covered="3"/><counter type="METHOD" missed="0" covered="3"/><counter type="CLASS" missed="0" covered="1"/></sourcefile><sourcefile name="NanopubLoader.java"><line nr="1" mi="12" ci="0" mb="0" cb="0"/><line nr="47" mi="0" ci="4" mb="0" cb="0"/><line nr="55" mi="0" ci="2" mb="0" cb="2"/><line nr="56" mi="0" ci="11" mb="0" cb="0"/><line nr="57" mi="0" ci="5" mb="0" cb="0"/><line nr="59" mi="0" ci="2" mb="0" cb="0"/><line nr="68" mi="0" ci="3" mb="0" cb="2"/><line nr="69" mi="0" ci="4" mb="0" cb="0"/><line nr="70" mi="0" ci="1" mb="0" cb="0"/><line nr="71" mi="0" ci="4" mb="0" cb="0"/><line nr="72" mi="0" ci="3" mb="0" cb="0"/><line nr="74" mi="0" ci="1" mb="0" cb="0"/><line nr="84" mi="0" ci="4" mb="1" cb="1"/><line nr="85" mi="7" ci="0" mb="0" cb="0"/><line nr="86" mi="1" ci="0" mb="0" cb="0"/><line nr="87" mi="0" ci="6" mb="0" cb="0"/><line nr="94" mi="0" ci="5" mb="0" cb="0"/><line nr="95" mi="0" ci="24" mb="4" cb="4"/><line nr="96" mi="4" ci="0" mb="0" cb="0"/><line nr="97" mi="1" ci="0" mb="0" cb="0"/><line nr="100" mi="0" ci="2" mb="0" cb="0"/><line nr="102" mi="0" ci="3" mb="0" cb="0"/><line nr="103" mi="1" ci="1" mb="0" cb="0"/><line nr="104" mi="4" ci="0" mb="0" cb="0"/><line nr="106" mi="0" ci="3" mb="1" cb="1"/><line nr="107" mi="0" ci="1" mb="0" cb="0"/><line nr="110" mi="4" ci="0" mb="0" cb="0"/><line nr="111" mi="4" ci="0" mb="0" cb="0"/><line nr="112" mi="4" ci="0" mb="0" cb="0"/><line nr="113" mi="4" ci="0" mb="0" cb="0"/><line nr="115" mi="11" ci="0" mb="0" cb="0"/><line nr="117" mi="4" ci="0" mb="0" cb="0"/><line nr="118" mi="12" ci="0" mb="0" cb="0"/><line nr="120" mi="4" ci="0" mb="0" cb="0"/><line nr="122" mi="5" ci="0" mb="2" cb="0"/><line nr="123" mi="14" ci="0" mb="0" cb="0"/><line nr="127" mi="4" ci="0" mb="0" cb="0"/><line nr="128" mi="4" ci="0" mb="0" cb="0"/><line nr="129" mi="4" ci="0" mb="0" cb="0"/><line nr="130" mi="4" ci="0" mb="0" cb="0"/><line nr="131" mi="4" ci="0" mb="0" cb="0"/><line nr="132" mi="2" ci="0" mb="0" cb="0"/><line nr="133" mi="12" ci="0" mb="2" cb="0"/><line nr="134" mi="4" ci="0" mb="0" cb="0"/><line nr="136" mi="6" ci="0" mb="2" cb="0"/><line nr="137" mi="5" ci="0" mb="0" cb="0"/><line nr="138" mi="1" ci="0" mb="0" cb="0"/><line nr="139" mi="4" ci="0" mb="0" cb="0"/><line nr="140" mi="6" ci="0" mb="2" cb="0"/><line nr="142" mi="9" ci="0" mb="4" cb="0"/><line nr="143" mi="6" ci="0" mb="0" cb="0"/><line nr="145" mi="9" ci="0" mb="4" cb="0"/><line nr="146" mi="6" ci="0" mb="0" cb="0"/><line nr="148" mi="10" ci="0" mb="4" cb="0"/><line nr="149" mi="5" ci="0" mb="2" cb="0"/><line nr="150" mi="6" ci="0" mb="0" cb="0"/><line nr="152" mi="6" ci="0" mb="2" cb="0"/><line nr="153" mi="12" ci="0" mb="0" cb="0"/><line nr="156" mi="6" ci="0" mb="2" cb="0"/><line nr="157" mi="15" ci="0" mb="6" cb="0"/><line nr="158" mi="12" ci="0" mb="0" cb="0"/><line nr="165" mi="6" ci="0" mb="2" cb="0"/><line nr="166" mi="6" ci="0" mb="0" cb="0"/><line nr="167" mi="1" ci="0" mb="0" cb="0"/><line nr="168" mi="4" ci="0" mb="0" cb="0"/><line nr="169" mi="6" ci="0" mb="2" cb="0"/><line nr="171" mi="4" ci="0" mb="2" cb="0"/><line nr="172" mi="6" ci="0" mb="2" cb="0"/><line nr="173" mi="6" ci="0" mb="0" cb="0"/><line nr="174" mi="1" ci="0" mb="0" cb="0"/><line nr="175" mi="4" ci="0" mb="0" cb="0"/><line nr="176" mi="6" ci="0" mb="2" cb="0"/><line nr="178" mi="1" ci="0" mb="0" cb="0"/><line nr="179" mi="9" ci="0" mb="0" cb="0"/><line nr="187" mi="5" ci="0" mb="0" cb="0"/><line nr="188" mi="5" ci="0" mb="0" cb="0"/><line nr="189" mi="5" ci="0" mb="0" cb="0"/><line nr="190" mi="5" ci="0" mb="0" cb="0"/><line nr="191" mi="11" ci="0" mb="2" cb="0"/><line nr="192" mi="10" ci="0" mb="0" cb="0"/><line nr="195" mi="11" ci="0" mb="2" cb="0"/><line nr="196" mi="10" ci="0" mb="0" cb="0"/><line nr="199" mi="11" ci="0" mb="2" cb="0"/><line nr="200" mi="10" ci="0" mb="0" cb="0"/><line nr="203" mi="11" ci="0" mb="2" cb="0"/><line nr="204" mi="10" ci="0" mb="0" cb="0"/><line nr="205" mi="10" ci="0" mb="0" cb="0"/><line nr="208" mi="11" ci="0" mb="2" cb="0"/><line nr="209" mi="10" ci="0" mb="0" cb="0"/><line nr="210" mi="10" ci="0" mb="0" cb="0"/><line nr="214" mi="11" ci="0" mb="0" cb="0"/><line nr="216" mi="11" ci="0" mb="0" cb="0"/><line nr="218" mi="11" ci="0" mb="0" cb="0"/><line nr="220" mi="11" ci="0" mb="0" cb="0"/><line nr="221" mi="11" ci="0" mb="0" cb="0"/><line nr="223" mi="11" ci="0" mb="0" cb="0"/><line nr="224" mi="11" ci="0" mb="0" cb="0"/><line nr="226" mi="11" ci="0" mb="0" cb="0"/><line nr="228" mi="5" ci="0" mb="0" cb="0"/><line nr="229" mi="12" ci="0" mb="0" cb="0"/><line nr="232" mi="3" ci="0" mb="2" cb="0"/><line nr="233" mi="5" ci="0" mb="0" cb="0"/><line nr="234" mi="11" ci="0" mb="0" cb="0"/><line nr="236" mi="12" ci="0" mb="2" cb="0"/><line nr="237" mi="13" ci="0" mb="0" cb="0"/><line nr="242" mi="2" ci="0" mb="0" cb="0"/><line nr="244" mi="3" ci="0" mb="0" cb="0"/><line nr="245" mi="2" ci="0" mb="0" cb="0"/><line nr="246" mi="4" ci="0" mb="0" cb="0"/><line nr="248" mi="2" ci="0" mb="2" cb="0"/><line nr="249" mi="13" ci="0" mb="0" cb="0"/><line nr="253" mi="5" ci="0" mb="0" cb="0"/><line nr="254" mi="12" ci="0" mb="2" cb="0"/><line nr="255" mi="10" ci="0" mb="0" cb="0"/><line nr="257" mi="5" ci="0" mb="0" cb="0"/><line nr="259" mi="3" ci="0" mb="0" cb="0"/><line nr="260" mi="2" ci="0" mb="2" cb="0"/><line nr="261" mi="12" ci="0" mb="0" cb="0"/><line nr="264" mi="3" ci="0" mb="0" cb="0"/><line nr="265" mi="2" ci="0" mb="2" cb="0"/><line nr="266" mi="12" ci="0" mb="0" cb="0"/><line nr="269" mi="12" ci="0" mb="2" cb="0"/><line nr="270" mi="10" ci="0" mb="0" cb="0"/><line nr="273" mi="12" ci="0" mb="2" cb="0"/><line nr="274" mi="10" ci="0" mb="0" cb="0"/><line nr="278" mi="3" ci="0" mb="2" cb="0"/><line nr="279" mi="14" ci="0" mb="0" cb="0"/><line nr="284" mi="4" ci="0" mb="0" cb="0"/><line nr="286" mi="4" ci="0" mb="0" cb="0"/><line nr="288" mi="5" ci="0" mb="0" cb="0"/><line nr="289" mi="4" ci="0" mb="0" cb="0"/><line nr="290" mi="4" ci="0" mb="0" cb="0"/><line nr="292" mi="5" ci="0" mb="0" cb="0"/><line nr="293" mi="4" ci="0" mb="0" cb="0"/><line nr="294" mi="4" ci="0" mb="0" cb="0"/><line nr="296" mi="4" ci="0" mb="0" cb="0"/><line nr="297" mi="9" ci="0" mb="0" cb="0"/><line nr="299" mi="2" ci="0" mb="2" cb="0"/><line nr="300" mi="10" ci="0" mb="2" cb="0"/><line nr="301" mi="7" ci="0" mb="0" cb="0"/><line nr="305" mi="11" ci="0" mb="0" cb="0"/><line nr="306" mi="11" ci="0" mb="0" cb="0"/><line nr="307" mi="11" ci="0" mb="0" cb="0"/><line nr="309" mi="2" ci="0" mb="0" cb="0"/><line nr="310" mi="15" ci="0" mb="0" cb="0"/><line nr="312" mi="12" ci="0" mb="2" cb="0"/><line nr="314" mi="8" ci="0" mb="2" cb="0"/><line nr="315" mi="6" ci="0" mb="2" cb="0"/><line nr="316" mi="14" ci="0" mb="0" cb="0"/><line nr="334" mi="11" ci="0" mb="2" cb="0"/><line nr="335" mi="16" ci="0" mb="0" cb="0"/><line nr="339" mi="11" ci="0" mb="2" cb="0"/><line nr="341" mi="3" ci="0" mb="0" cb="0"/><line nr="342" mi="2" ci="0" mb="0" cb="0"/><line nr="343" mi="7" ci="0" mb="0" cb="0"/><line nr="346" mi="1" ci="0" mb="0" cb="0"/><line nr="348" mi="0" ci="2" mb="0" cb="0"/><line nr="349" mi="0" ci="2" mb="0" cb="0"/><line nr="350" mi="0" ci="2" mb="0" cb="0"/><line nr="353" mi="2" ci="0" mb="0" cb="0"/><line nr="354" mi="3" ci="0" mb="2" cb="0"/><line nr="355" mi="4" ci="0" mb="0" cb="0"/><line nr="356" mi="4" ci="0" mb="0" cb="0"/><line nr="359" mi="3" ci="0" mb="0" cb="0"/><line nr="360" mi="5" ci="0" mb="0" cb="0"/><line nr="361" mi="12" ci="0" mb="4" cb="0"/><line nr="363" mi="12" ci="0" mb="0" cb="0"/><line nr="364" mi="9" ci="0" mb="0" cb="0"/><line nr="365" mi="4" ci="0" mb="0" cb="0"/><line nr="366" mi="7" ci="0" mb="0" cb="0"/><line nr="367" mi="4" ci="0" mb="2" cb="0"/><line nr="368" mi="4" ci="0" mb="0" cb="0"/><line nr="369" mi="6" ci="0" mb="0" cb="0"/><line nr="371" mi="15" ci="0" mb="2" cb="0"/><line nr="373" mi="12" ci="0" mb="0" cb="0"/><line nr="376" mi="11" ci="0" mb="0" cb="0"/><line nr="377" mi="11" ci="0" mb="0" cb="0"/><line nr="380" mi="6" ci="0" mb="0" cb="0"/><line nr="382" mi="2" ci="0" mb="0" cb="0"/><line nr="383" mi="2" ci="0" mb="0" cb="0"/><line nr="384" mi="1" ci="0" mb="0" cb="0"/><line nr="385" mi="2" ci="0" mb="0" cb="0"/><line nr="386" mi="5" ci="0" mb="2" cb="0"/><line nr="388" mi="2" ci="0" mb="2" cb="0"/><line nr="389" mi="3" ci="0" mb="0" cb="0"/><line nr="391" mi="2" ci="0" mb="0" cb="0"/><line nr="392" mi="2" ci="0" mb="0" cb="0"/><line nr="396" mi="1" ci="0" mb="0" cb="0"/><line nr="399" mi="2" ci="0" mb="0" cb="0"/><line nr="400" mi="3" ci="0" mb="2" cb="0"/><line nr="401" mi="4" ci="0" mb="0" cb="0"/><line nr="402" mi="4" ci="0" mb="0" cb="0"/><line nr="405" mi="3" ci="0" mb="0" cb="0"/><line nr="406" mi="4" ci="0" mb="0" cb="0"/><line nr="407" mi="3" ci="0" mb="2" cb="0"/><line nr="408" mi="5" ci="0" mb="0" cb="0"/><line nr="409" mi="1" ci="0" mb="0" cb="0"/><line nr="410" mi="5" ci="0" mb="0" cb="0"/><line nr="411" mi="11" ci="0" mb="0" cb="0"/><line nr="412" mi="11" ci="0" mb="0" cb="0"/><line nr="413" mi="16" ci="0" mb="0" cb="0"/><line nr="415" mi="13" ci="0" mb="0" cb="0"/><line nr="417" mi="14" ci="0" mb="0" cb="0"/><line nr="419" mi="13" ci="0" mb="0" cb="0"/><line nr="421" mi="15" ci="0" mb="0" cb="0"/><line nr="423" mi="5" ci="0" mb="0" cb="0"/><line nr="425" mi="2" ci="0" mb="0" cb="0"/><line nr="426" mi="2" ci="0" mb="0" cb="0"/><line nr="427" mi="1" ci="0" mb="0" cb="0"/><line nr="428" mi="2" ci="0" mb="0" cb="0"/><line nr="429" mi="5" ci="0" mb="2" cb="0"/><line nr="431" mi="2" ci="0" mb="2" cb="0"/><line nr="432" mi="3" ci="0" mb="0" cb="0"/><line nr="434" mi="2" ci="0" mb="0" cb="0"/><line nr="435" mi="2" ci="0" mb="0" cb="0"/><line nr="439" mi="1" ci="0" mb="0" cb="0"/><line nr="454" mi="13" ci="0" mb="0" cb="0"/><line nr="455" mi="4" ci="0" mb="0" cb="0"/><line nr="456" mi="3" ci="0" mb="2" cb="0"/><line nr="458" mi="7" ci="0" mb="0" cb="0"/><line nr="460" mi="4" ci="0" mb="0" cb="0"/><line nr="461" mi="18" ci="0" mb="0" cb="0"/><line nr="466" mi="2" ci="0" mb="0" cb="0"/><line nr="467" mi="3" ci="0" mb="2" cb="0"/><line nr="468" mi="4" ci="0" mb="0" cb="0"/><line nr="469" mi="4" ci="0" mb="0" cb="0"/><line nr="471" mi="4" ci="0" mb="0" cb="0"/><line nr="473" mi="3" ci="0" mb="0" cb="0"/><line nr="475" mi="6" ci="0" mb="0" cb="0"/><line nr="476" mi="2" ci="0" mb="2" cb="0"/><line nr="477" mi="3" ci="0" mb="0" cb="0"/><line nr="479" mi="4" ci="0" mb="2" cb="0"/><line nr="481" mi="21" ci="0" mb="0" cb="0"/><line nr="485" mi="15" ci="0" mb="2" cb="0"/><line nr="486" mi="3" ci="0" mb="0" cb="0"/><line nr="488" mi="5" ci="0" mb="2" cb="0"/><line nr="490" mi="21" ci="0" mb="0" cb="0"/><line nr="505" mi="2" ci="0" mb="0" cb="0"/><line nr="507" mi="13" ci="0" mb="2" cb="0"/><line nr="508" mi="2" ci="0" mb="0" cb="0"/><line nr="509" mi="2" ci="0" mb="0" cb="0"/><line nr="510" mi="2" ci="0" mb="0" cb="0"/><line nr="511" mi="5" ci="0" mb="2" cb="0"/><line nr="512" mi="11" ci="0" mb="2" cb="0"/><line nr="513" mi="5" ci="0" mb="2" cb="0"/><line nr="516" mi="2" ci="0" mb="0" cb="0"/><line nr="517" mi="13" ci="0" mb="2" cb="0"/><line nr="519" mi="2" ci="0" mb="2" cb="0"/><line nr="520" mi="3" ci="0" mb="0" cb="0"/><line nr="522" mi="2" ci="0" mb="0" cb="0"/><line nr="523" mi="2" ci="0" mb="0" cb="0"/><line nr="527" mi="1" ci="0" mb="0" cb="0"/><line nr="530" mi="4" ci="0" mb="0" cb="0"/><line nr="532" mi="3" ci="0" mb="0" cb="0"/><line nr="533" mi="16" ci="0" mb="2" cb="0"/><line nr="534" mi="5" ci="0" mb="0" cb="0"/><line nr="536" mi="2" ci="0" mb="0" cb="0"/><line nr="540" mi="4" ci="0" mb="0" cb="0"/><line nr="541" mi="2" ci="0" mb="0" cb="0"/><line nr="542" mi="3" ci="0" mb="2" cb="0"/><line nr="543" mi="4" ci="0" mb="0" cb="0"/><line nr="544" mi="4" ci="0" mb="0" cb="0"/><line nr="546" mi="3" ci="0" mb="0" cb="0"/><line nr="548" mi="14" ci="0" mb="0" cb="0"/><line nr="549" mi="4" ci="0" mb="0" cb="0"/><line nr="550" mi="4" ci="0" mb="2" cb="0"/><line nr="551" mi="4" ci="0" mb="0" cb="0"/><line nr="552" mi="13" ci="0" mb="0" cb="0"/><line nr="553" mi="16" ci="0" mb="0" cb="0"/><line nr="556" mi="2" ci="0" mb="0" cb="0"/><line nr="557" mi="2" ci="0" mb="0" cb="0"/><line nr="558" mi="1" ci="0" mb="0" cb="0"/><line nr="559" mi="2" ci="0" mb="0" cb="0"/><line nr="560" mi="5" ci="0" mb="2" cb="0"/><line nr="562" mi="2" ci="0" mb="2" cb="0"/><line nr="563" mi="3" ci="0" mb="0" cb="0"/><line nr="565" mi="2" ci="0" mb="0" cb="0"/><line nr="566" mi="2" ci="0" mb="0" cb="0"/><line nr="570" mi="2" ci="0" mb="0" cb="0"/><line nr="574" mi="2" ci="0" mb="0" cb="0"/><line nr="575" mi="3" ci="0" mb="2" cb="0"/><line nr="576" mi="3" ci="0" mb="0" cb="0"/><line nr="577" mi="4" ci="0" mb="0" cb="0"/><line nr="578" mi="4" ci="0" mb="0" cb="0"/><line nr="579" mi="11" ci="0" mb="0" cb="0"/><line nr="580" mi="5" ci="0" mb="0" cb="0"/><line nr="581" mi="2" ci="0" mb="0" cb="0"/><line nr="582" mi="1" ci="0" mb="0" cb="0"/><line nr="583" mi="2" ci="0" mb="0" cb="0"/><line nr="585" mi="2" ci="0" mb="2" cb="0"/><line nr="586" mi="3" ci="0" mb="0" cb="0"/><line nr="588" mi="2" ci="0" mb="0" cb="0"/><line nr="589" mi="2" ci="0" mb="0" cb="0"/><line nr="593" mi="1" ci="0" mb="0" cb="0"/><line nr="597" mi="3" ci="5" mb="4" cb="2"/><line nr="598" mi="2" ci="0" mb="0" cb="0"/><line nr="600" mi="1" ci="0" mb="0" cb="0"/><line nr="601" mi="6" ci="0" mb="0" cb="0"/><line nr="602" mi="2" ci="0" mb="0" cb="0"/><line nr="604" mi="0" ci="2" mb="0" cb="0"/><line nr="608" mi="5" ci="0" mb="2" cb="0"/><line nr="609" mi="3" ci="0" mb="0" cb="0"/><line nr="610" mi="4" ci="0" mb="2" cb="0"/><line nr="611" mi="2" ci="0" mb="0" cb="0"/><line nr="613" mi="7" ci="0" mb="0" cb="0"/><line nr="618" mi="12" ci="0" mb="2" cb="0"/><line nr="619" mi="7" ci="0" mb="2" cb="0"/><line nr="621" mi="2" ci="0" mb="0" cb="0"/><line nr="631" mi="0" ci="2" mb="0" cb="0"/><line nr="632" mi="0" ci="4" mb="0" cb="0"/><line nr="633" mi="0" ci="4" mb="0" cb="0"/><line nr="634" mi="0" ci="8" mb="0" cb="2"/><line nr="635" mi="0" ci="2" mb="0" cb="0"/><line nr="637" mi="1" ci="0" mb="0" cb="0"/><line nr="638" mi="2" ci="0" mb="0" cb="0"/><line nr="640" mi="0" ci="2" mb="0" cb="0"/><line nr="643" mi="0" ci="2" mb="0" cb="0"/><line nr="650" mi="0" ci="4" mb="0" cb="0"/><line nr="655" mi="0" ci="4" mb="0" cb="0"/><line nr="660" mi="0" ci="4" mb="0" cb="0"/><line nr="665" mi="0" ci="4" mb="0" cb="0"/><line nr="670" mi="0" ci="4" mb="0" cb="0"/><line nr="675" mi="0" ci="4" mb="0" cb="0"/><line nr="680" mi="0" ci="4" mb="0" cb="0"/><line nr="685" mi="0" ci="4" mb="0" cb="0"/><line nr="690" mi="0" ci="4" mb="0" cb="0"/><line nr="695" mi="0" ci="4" mb="0" cb="0"/><line nr="700" mi="0" ci="4" mb="0" cb="0"/><line nr="705" mi="0" ci="4" mb="0" cb="0"/><line nr="710" mi="0" ci="4" mb="0" cb="0"/><line nr="715" mi="0" ci="4" mb="0" cb="0"/><line nr="720" mi="0" ci="4" mb="0" cb="0"/><line nr="725" mi="0" ci="4" mb="0" cb="0"/><line nr="730" mi="0" ci="4" mb="0" cb="0"/><line nr="735" mi="0" ci="4" mb="0" cb="0"/><line nr="740" mi="0" ci="4" mb="0" cb="0"/><line nr="745" mi="0" ci="4" mb="0" cb="0"/><line nr="751" mi="0" ci="6" mb="0" cb="0"/><line nr="757" mi="0" ci="24" mb="0" cb="0"/><counter type="INSTRUCTION" missed="1732" covered="236"/><counter type="BRANCH" missed="162" covered="14"/><counter type="LINE" missed="285" covered="54"/><counter type="COMPLEXITY" missed="103" covered="9"/><counter type="METHOD" missed="18" covered="6"/><counter type="CLASS" missed="1" covered="1"/></sourcefile><sourcefile name="LocalNanopubLoader.java"><line nr="23" mi="0" ci="5" mb="0" cb="0"/><line nr="28" mi="0" ci="5" mb="0" cb="0"/><line nr="30" mi="0" ci="5" mb="0" cb="0"/><line nr="39" mi="0" ci="6" mb="1" cb="3"/><line nr="40" mi="0" ci="3" mb="0" cb="0"/><line nr="42" mi="0" ci="2" mb="0" cb="0"/><line nr="44" mi="0" ci="4" mb="0" cb="0"/><line nr="46" mi="0" ci="7" mb="0" cb="2"/><line nr="47" mi="0" ci="4" mb="0" cb="0"/><line nr="48" mi="0" ci="2" mb="0" cb="0"/><line nr="50" mi="1" ci="1" mb="0" cb="0"/><line nr="51" mi="2" ci="0" mb="0" cb="0"/><line nr="54" mi="0" ci="3" mb="0" cb="0"/><line nr="55" mi="0" ci="1" mb="0" cb="0"/><line nr="56" mi="0" ci="2" mb="0" cb="0"/><line nr="60" mi="0" ci="3" mb="0" cb="2"/><line nr="61" mi="0" ci="3" mb="0" cb="0"/><line nr="62" m
[...]
 mi="4" ci="0" mb="0" cb="0"/><line nr="163" mi="5" ci="0" mb="2" cb="0"/><line nr="164" mi="5" ci="0" mb="0" cb="0"/><line nr="165" mi="1" ci="0" mb="0" cb="0"/><line nr="166" mi="2" ci="0" mb="0" cb="0"/><line nr="168" mi="5" ci="0" mb="0" cb="0"/><line nr="169" mi="7" ci="0" mb="2" cb="0"/><line nr="171" mi="2" ci="0" mb="0" cb="0"/><line nr="172" mi="4" ci="0" mb="0" cb="0"/><line nr="174" mi="3" ci="0" mb="0" cb="0"/><line nr="175" mi="3" ci="0" mb="0" cb="0"/><line nr="177" mi="7" ci="0" mb="2" cb="0"/><line nr="178" mi="2" ci="0" mb="0" cb="0"/><line nr="179" mi="10" ci="0" mb="0" cb="0"/><line nr="180" mi="11" ci="0" mb="0" cb="0"/><line nr="181" mi="2" ci="0" mb="0" cb="0"/><line nr="182" mi="3" ci="0" mb="0" cb="0"/><line nr="183" mi="3" ci="0" mb="0" cb="0"/><line nr="185" mi="1" ci="0" mb="0" cb="0"/><line nr="187" mi="5" ci="0" mb="2" cb="0"/><line nr="188" mi="2" ci="0" mb="0" cb="0"/><line nr="190" mi="1" ci="0" mb="0" cb="0"/><line nr="191" mi="6" ci="0" mb="0" cb="0"/><line nr="194" mi="2" ci="0" mb="0" cb="0"/><line nr="195" mi="2" ci="0" mb="0" cb="0"/><line nr="196" mi="3" ci="0" mb="0" cb="0"/><line nr="199" mi="1" ci="0" mb="0" cb="0"/><line nr="209" mi="3" ci="0" mb="2" cb="0"/><line nr="210" mi="3" ci="0" mb="0" cb="0"/><line nr="211" mi="1" ci="0" mb="0" cb="0"/><line nr="212" mi="3" ci="0" mb="0" cb="0"/><line nr="214" mi="2" ci="0" mb="0" cb="0"/><line nr="215" mi="6" ci="0" mb="0" cb="0"/><line nr="217" mi="1" ci="0" mb="0" cb="0"/><line nr="225" mi="0" ci="2" mb="0" cb="0"/><line nr="226" mi="0" ci="2" mb="0" cb="0"/><line nr="227" mi="0" ci="8" mb="1" cb="3"/><line nr="229" mi="0" ci="2" mb="0" cb="0"/><line nr="230" mi="1" ci="1" mb="0" cb="0"/><line nr="231" mi="1" ci="0" mb="0" cb="0"/><line nr="232" mi="4" ci="0" mb="0" cb="0"/><line nr="234" mi="4" ci="0" mb="0" cb="0"/><line nr="236" mi="2" ci="0" mb="0" cb="0"/><line nr="237" mi="2" ci="0" mb="0" cb="0"/><line nr="238" mi="4" ci="0" mb="0" cb="0"/><line nr="239" mi="1" ci="0" mb="0" cb="0"/><line nr="243" mi="0" ci="4" mb="1" cb="1"/><line nr="244" mi="5" ci="0" mb="0" cb="0"/><line nr="247" mi="0" ci="2" mb="0" cb="0"/><line nr="257" mi="0" ci="5" mb="0" cb="0"/><line nr="258" mi="0" ci="8" mb="0" cb="0"/><line nr="259" mi="0" ci="4" mb="0" cb="0"/><line nr="260" mi="0" ci="3" mb="0" cb="0"/><line nr="261" mi="0" ci="6" mb="2" cb="2"/><line nr="262" mi="5" ci="0" mb="0" cb="0"/><line nr="263" mi="1" ci="0" mb="0" cb="0"/><line nr="267" mi="0" ci="4" mb="0" cb="0"/><line nr="268" mi="0" ci="3" mb="1" cb="1"/><line nr="269" mi="5" ci="0" mb="0" cb="0"/><line nr="271" mi="7" ci="7" mb="3" cb="1"/><line nr="272" mi="5" ci="0" mb="0" cb="0"/><line nr="276" mi="0" ci="4" mb="0" cb="0"/><line nr="277" mi="0" ci="3" mb="1" cb="1"/><line nr="278" mi="5" ci="0" mb="0" cb="0"/><line nr="280" mi="0" ci="6" mb="0" cb="0"/><line nr="291" mi="4" ci="0" mb="0" cb="0"/><counter type="INSTRUCTION" missed="379" covered="122"/><counter type="BRANCH" missed="31" covered="11"/><counter type="LINE" missed="100" covered="38"/><counter type="COMPLEXITY" missed="27" covered="5"/><counter type="METHOD" missed="7" covered="4"/><counter type="CLASS" missed="1" covered="1"/></sourcefile><sourcefile name="MetricsCollector.java"><line nr="17" mi="0" ci="6" mb="0" cb="0"/><line nr="18" mi="0" ci="6" mb="0" cb="0"/><line nr="19" mi="0" ci="6" mb="0" cb="0"/><line nr="20" mi="0" ci="6" mb="0" cb="0"/><line nr="22" mi="0" ci="5" mb="0" cb="0"/><line nr="29" mi="0" ci="2" mb="0" cb="0"/><line nr="31" mi="0" ci="8" mb="0" cb="0"/><line nr="32" mi="0" ci="8" mb="0" cb="0"/><line nr="33" mi="0" ci="8" mb="0" cb="0"/><line nr="34" mi="0" ci="8" mb="0" cb="0"/><line nr="37" mi="0" ci="16" mb="0" cb="2"/><line nr="38" mi="0" ci="5" mb="0" cb="0"/><line nr="39" mi="0" ci="6" mb="0" cb="0"/><line nr="40" mi="0" ci="4" mb="0" cb="0"/><line nr="41" mi="0" ci="2" mb="0" cb="0"/><line nr="42" mi="0" ci="4" mb="0" cb="0"/><line nr="43" mi="0" ci="3" mb="0" cb="0"/><line nr="45" mi="0" ci="1" mb="0" cb="0"/><line nr="52" mi="0" ci="7" mb="0" cb="0"/><line nr="53" mi="0" ci="3" mb="0" cb="0"/><line nr="55" mi="0" ci="3" mb="0" cb="0"/><line nr="56" mi="0" ci="3" mb="0" cb="0"/><line nr="57" mi="0" ci="1" mb="0" cb="0"/><line nr="58" mi="0" ci="6" mb="0" cb="0"/><line nr="59" mi="0" ci="2" mb="0" cb="0"/><line nr="61" mi="0" ci="3" mb="0" cb="0"/><line nr="63" mi="0" ci="3" mb="0" cb="0"/><line nr="64" mi="0" ci="3" mb="0" cb="0"/><line nr="65" mi="0" ci="1" mb="0" cb="0"/><line nr="66" mi="0" ci="6" mb="0" cb="0"/><line nr="67" mi="0" ci="2" mb="0" cb="0"/><line nr="69" mi="0" ci="3" mb="0" cb="0"/><line nr="71" mi="0" ci="3" mb="0" cb="0"/><line nr="72" mi="0" ci="3" mb="0" cb="0"/><line nr="73" mi="0" ci="1" mb="0" cb="0"/><line nr="77" mi="0" ci="4" mb="0" cb="0"/><line nr="78" mi="0" ci="16" mb="0" cb="2"/><line nr="79" mi="0" ci="13" mb="0" cb="2"/><line nr="81" mi="0" ci="1" mb="0" cb="0"/><counter type="INSTRUCTION" missed="0" covered="191"/><counter type="BRANCH" missed="0" covered="6"/><counter type="LINE" missed="0" covered="39"/><counter type="COMPLEXITY" missed="0" covered="7"/><counter type="METHOD" missed="0" covered="4"/><counter type="CLASS" missed="0" covered="1"/></sourcefile><sourcefile name="Utils.java"><line nr="30" mi="0" ci="2" mb="0" cb="0"/><line nr="35" mi="0" ci="4" mb="0" cb="0"/><line nr="40" mi="0" ci="4" mb="0" cb="0"/><line nr="50" mi="0" ci="2" mb="0" cb="2"/><line nr="51" mi="0" ci="4" mb="0" cb="0"/><line nr="52" mi="3" ci="4" mb="0" cb="0"/><line nr="53" mi="5" ci="0" mb="0" cb="0"/><line nr="54" mi="4" ci="0" mb="0" cb="0"/><line nr="55" mi="4" ci="0" mb="0" cb="0"/><line nr="56" mi="7" ci="0" mb="0" cb="0"/><line nr="57" mi="4" ci="0" mb="2" cb="0"/><line nr="58" mi="4" ci="0" mb="0" cb="0"/><line nr="59" mi="6" ci="0" mb="0" cb="0"/><line nr="60" mi="6" ci="0" mb="0" cb="0"/><line nr="61" mi="8" ci="0" mb="0" cb="0"/><line nr="66" mi="0" ci="2" mb="0" cb="0"/><line nr="76" mi="0" ci="5" mb="0" cb="0"/><line nr="86" mi="0" ci="7" mb="0" cb="0"/><line nr="88" mi="0" ci="4" mb="0" cb="2"/><line nr="89" mi="0" ci="3" mb="0" cb="0"/><line nr="90" mi="0" ci="7" mb="0" cb="0"/><line nr="91" mi="0" ci="15" mb="0" cb="0"/><line nr="93" mi="0" ci="5" mb="0" cb="0"/><line nr="95" mi="0" ci="2" mb="0" cb="0"/><line nr="105" mi="0" ci="3" mb="0" cb="2"/><line nr="106" mi="0" ci="3" mb="0" cb="0"/><line nr="108" mi="0" ci="5" mb="0" cb="0"/><line nr="119" mi="0" ci="5" mb="0" cb="0"/><line nr="132" mi="0" ci="12" mb="0" cb="0"/><line nr="133" mi="0" ci="4" mb="0" cb="0"/><line nr="134" mi="0" ci="5" mb="0" cb="2"/><line nr="135" mi="0" ci="7" mb="0" cb="0"/><line nr="149" mi="0" ci="4" mb="0" cb="0"/><line nr="150" mi="0" ci="12" mb="0" cb="0"/><line nr="151" mi="0" ci="4" mb="0" cb="0"/><line nr="152" mi="0" ci="4" mb="0" cb="2"/><line nr="153" mi="0" ci="9" mb="0" cb="0"/><line nr="155" mi="0" ci="2" mb="0" cb="0"/><line nr="168" mi="0" ci="5" mb="0" cb="0"/><line nr="169" mi="0" ci="5" mb="0" cb="4"/><line nr="170" mi="0" ci="2" mb="0" cb="0"/><line nr="172" mi="0" ci="1" mb="0" cb="0"/><line nr="173" mi="0" ci="2" mb="0" cb="0"/><line nr="175" mi="0" ci="2" mb="0" cb="0"/><line nr="187" mi="0" ci="4" mb="0" cb="0"/><line nr="188" mi="0" ci="2" mb="0" cb="2"/><line nr="189" mi="0" ci="3" mb="0" cb="0"/><line nr="191" mi="0" ci="1" mb="0" cb="0"/><line nr="192" mi="0" ci="2" mb="0" cb="0"/><line nr="194" mi="0" ci="2" mb="0" cb="0"/><line nr="218" mi="0" ci="1" mb="0" cb="0"/><counter type="INSTRUCTION" missed="51" covered="181"/><counter type="BRANCH" missed="2" covered="16"/><counter type="LINE" missed="9" covered="42"/><counter type="COMPLEXITY" missed="1" covered="18"/><counter type="METHOD" missed="0" covered="10"/><counter type="CLASS" missed="0" covered="1"/></sourcefile><sourcefile name="OpenApiSpecPage.java"><line nr="26" mi="0" ci="5" mb="0" cb="0"/><line nr="35" mi="0" ci="2" mb="0" cb="0"/><line nr="36" mi="0" ci="5" mb="0" cb="0"/><line nr="37" mi="0" ci="5" mb="0" cb="2"/><line nr="38" mi="0" ci="5" mb="0" cb="0"/><line nr="43" mi="0" ci="4" mb="0" cb="0"/><line nr="44" mi="0" ci="10" mb="1" cb="3"/><line nr="46" mi="0" ci="8" mb="0" cb="0"/><line nr="47" mi="0" ci="6" mb="0" cb="0"/><line nr="49" mi="0" ci="2" mb="0" cb="0"/><line nr="50" mi="0" ci="2" mb="0" cb="0"/><line nr="51" mi="0" ci="2" mb="0" cb="0"/><line nr="52" mi="0" ci="2" mb="0" cb="0"/><line nr="53" mi="0" ci="2" mb="0" cb="0"/><line nr="54" mi="0" ci="13" mb="0" cb="2"/><line nr="55" mi="1" ci="9" mb="1" cb="1"/><line nr="56" mi="0" ci="7" mb="0" cb="0"/><line nr="57" mi="0" ci="6" mb="1" cb="3"/><line nr="58" mi="3" ci="0" mb="0" cb="0"/><line nr="59" mi="1" ci="0" mb="0" cb="0"/><line nr="61" mi="0" ci="2" mb="0" cb="0"/><line nr="62" mi="0" ci="5" mb="0" cb="2"/><line nr="63" mi="0" ci="4" mb="0" cb="0"/><line nr="64" mi="0" ci="6" mb="0" cb="2"/><line nr="65" mi="0" ci="4" mb="0" cb="0"/><line nr="68" mi="0" ci="6" mb="0" cb="2"/><line nr="69" mi="0" ci="7" mb="0" cb="0"/><line nr="70" mi="0" ci="10" mb="1" cb="3"/><line nr="71" mi="0" ci="4" mb="0" cb="0"/><line nr="72" mi="0" ci="4" mb="1" cb="1"/><line nr="73" mi="0" ci="5" mb="0" cb="0"/><line nr="79" mi="0" ci="4" mb="0" cb="0"/><line nr="80" mi="0" ci="7" mb="0" cb="0"/><line nr="81" mi="0" ci="17" mb="0" cb="0"/><line nr="85" mi="0" ci="3" mb="0" cb="0"/><line nr="86" mi="0" ci="11" mb="2" cb="4"/><line nr="87" mi="6" ci="0" mb="0" cb="0"/><line nr="89" mi="0" ci="1" mb="0" cb="0"/><line nr="92" mi="0" ci="5" mb="0" cb="0"/><line nr="93" mi="0" ci="2" mb="0" cb="0"/><line nr="95" mi="0" ci="6" mb="0" cb="0"/><line nr="97" mi="0" ci="4" mb="0" cb="0"/><line nr="98" mi="0" ci="5" mb="0" cb="0"/><line nr="99" mi="0" ci="13" mb="0" cb="0"/><line nr="100" mi="0" ci="8" mb="0" cb="0"/><line nr="101" mi="0" ci="6" mb="0" cb="0"/><line nr="103" mi="0" ci="4" mb="0" cb="0"/><line nr="104" mi="0" ci="4" mb="0" cb="0"/><line nr="105" mi="0" ci="9" mb="0" cb="0"/><line nr="106" mi="0" ci="5" mb="0" cb="0"/><line nr="107" mi="0" ci="4" mb="0" cb="0"/><line nr="108" mi="0" ci="6" mb="0" cb="0"/><line nr="110" mi="0" ci="4" mb="0" cb="0"/><line nr="111" mi="0" ci="4" mb="0" cb="0"/><line nr="112" mi="0" ci="4" mb="0" cb="0"/><line nr="114" mi="0" ci="5" mb="0" cb="0"/><line nr="115" mi="0" ci="4" mb="0" cb="0"/><line nr="116" mi="0" ci="4" mb="0" cb="0"/><line nr="117" mi="0" ci="4" mb="0" cb="0"/><line nr="118" mi="0" ci="7" mb="0" cb="0"/><line nr="119" mi="0" ci="7" mb="0" cb="0"/><line nr="120" mi="0" ci="5" mb="0" cb="0"/><line nr="121" mi="0" ci="5" mb="0" cb="0"/><line nr="122" mi="0" ci="5" mb="0" cb="0"/><line nr="123" mi="0" ci="4" mb="0" cb="0"/><line nr="124" mi="4" ci="7" mb="1" cb="1"/><line nr="125" mi="4" ci="0" mb="0" cb="0"/><line nr="126" mi="5" ci="0" mb="0" cb="0"/><line nr="127" mi="8" ci="0" mb="0" cb="0"/><line nr="128" mi="5" ci="0" mb="0" cb="0"/><line nr="129" mi="12" ci="0" mb="2" cb="0"/><line nr="130" mi="4" ci="0" mb="0" cb="0"/><line nr="131" mi="5" ci="0" mb="0" cb="0"/><line nr="132" mi="5" ci="0" mb="0" cb="0"/><line nr="133" mi="4" ci="0" mb="0" cb="0"/><line nr="135" mi="0" ci="5" mb="0" cb="0"/><line nr="136" mi="0" ci="5" mb="0" cb="0"/><line nr="137" mi="0" ci="5" mb="0" cb="0"/><line nr="138" mi="0" ci="6" mb="0" cb="0"/><line nr="139" mi="0" ci="6" mb="0" cb="0"/><line nr="140" mi="0" ci="1" mb="0" cb="0"/><line nr="148" mi="0" ci="5" mb="0" cb="2"/><line nr="149" mi="0" ci="4" mb="0" cb="0"/><line nr="150" mi="0" ci="3" mb="0" cb="0"/><line nr="151" mi="0" ci="3" mb="0" cb="0"/><line nr="152" mi="0" ci="8" mb="0" cb="0"/><counter type="INSTRUCTION" missed="67" covered="396"/><counter type="BRANCH" missed="10" covered="28"/><counter type="LINE" missed="12" covered="74"/><counter type="COMPLEXITY" missed="9" covered="14"/><counter type="METHOD" missed="0" covered="4"/><counter type="CLASS" missed="0" covered="2"/></sourcefile><sourcefile name="StatusController.java"><line nr="12" mi="0" ci="3" mb="0" cb="0"/><line nr="17" mi="0" ci="20" mb="0" cb="0"/><line nr="18" mi="0" ci="5" mb="0" cb="0"/><line nr="21" mi="0" ci="1" mb="0" cb="0"/><line nr="22" mi="0" ci="5" mb="0" cb="0"/><line nr="25" mi="0" ci="1" mb="0" cb="0"/><line nr="26" mi="0" ci="5" mb="0" cb="0"/><line nr="29" mi="0" ci="1" mb="0" cb="0"/><line nr="30" mi="0" ci="5" mb="0" cb="0"/><line nr="33" mi="0" ci="1" mb="0" cb="0"/><line nr="51" mi="0" ci="2" mb="0" cb="0"/><line nr="52" mi="0" ci="3" mb="0" cb="0"/><line nr="53" mi="0" ci="3" mb="0" cb="0"/><line nr="54" mi="0" ci="1" mb="0" cb="0"/><line nr="64" mi="0" ci="6" mb="0" cb="0"/><line nr="69" mi="0" ci="7" mb="0" cb="4"/><line nr="70" mi="0" ci="2" mb="0" cb="0"/><line nr="72" mi="0" ci="3" mb="0" cb="0"/><line nr="73" mi="0" ci="15" mb="0" cb="4"/><line nr="78" mi="0" ci="15" mb="0" cb="0"/><line nr="89" mi="0" ci="2" mb="0" cb="0"/><line nr="92" mi="0" ci="5" mb="0" cb="0"/><line nr="94" mi="0" ci="3" mb="0" cb="0"/><line nr="95" mi="0" ci="3" mb="0" cb="0"/><line nr="96" mi="0" ci="3" mb="0" cb="0"/><line nr="106" mi="0" ci="4" mb="0" cb="0"/><line nr="107" mi="0" ci="3" mb="0" cb="2"/><line nr="108" mi="0" ci="5" mb="0" cb="0"/><line nr="110" mi="0" ci="3" mb="0" cb="0"/><line nr="111" mi="0" ci="4" mb="0" cb="0"/><line nr="113" mi="0" ci="4" mb="0" cb="0"/><line nr="115" mi="0" ci="17" mb="0" cb="0"/><line nr="116" mi="0" ci="3" mb="1" cb="1"/><line nr="117" mi="0" ci="15" mb="0" cb="0"/><line nr="118" mi="0" ci="1" mb="0" cb="0"/><line nr="119" mi="4" ci="0" mb="0" cb="0"/><line nr="120" mi="6" ci="0" mb="0" cb="0"/><line nr="124" mi="0" ci="17" mb="0" cb="0"/><line nr="125" mi="0" ci="3" mb="1" cb="1"/><line nr="126" mi="0" ci="16" mb="0" cb="0"/><line nr="127" mi="0" ci="1" mb="0" cb="0"/><line nr="128" mi="4" ci="0" mb="0" cb="0"/><line nr="129" mi="4" ci="0" mb="0" cb="0"/><line nr="130" mi="4" ci="0" mb="0" cb="0"/><line nr="132" mi="0" ci="3" mb="0" cb="0"/><line nr="133" mi="1" ci="0" mb="0" cb="0"/><line nr="134" mi="7" ci="0" mb="2" cb="0"/><line nr="135" mi="5" ci="0" mb="0" cb="0"/><line nr="137" mi="0" ci="3" mb="0" cb="0"/><line nr="138" mi="0" ci="5" mb="0" cb="0"/><line nr="148" mi="0" ci="4" mb="0" cb="0"/><line nr="149" mi="0" ci="8" mb="0" cb="0"/><line nr="162" mi="0" ci="7" mb="0" cb="0"/><line nr="163" mi="0" ci="8" mb="0" cb="4"/><line nr="164" mi="0" ci="8" mb="0" cb="0"/><line nr="166" mi="0" ci="5" mb="0" cb="2"/><line nr="167" mi="0" ci="8" mb="0" cb="0"/><line nr="169" mi="0" ci="4" mb="0" cb="0"/><line nr="171" mi="0" ci="1" mb="0" cb="0"/><line nr="181" mi="7" ci="0" mb="0" cb="0"/><line nr="182" mi="12" ci="0" mb="6" cb="0"/><line nr="183" mi="8" ci="0" mb="0" cb="0"/><line nr="185" mi="5" ci="0" mb="2" cb="0"/><line nr="186" mi="8" ci="0" mb="0" cb="0"/><line nr="188" mi="4" ci="0" mb="0" cb="0"/><line nr="190" mi="1" ci="0" mb="0" cb="0"/><line nr="197" mi="0" ci="7" mb="0" cb="0"/><line nr="198" mi="0" ci="4" mb="1" cb="1"/><line nr="199" mi="5" ci="0" mb="0" cb="0"/><line nr="202" mi="0" ci="1" mb="0" cb="0"/><line nr="205" mi="0" ci="7" mb="0" cb="0"/><line nr="208" mi="0" ci="4" mb="0" cb="0"/><line nr="209" mi="0" ci="12" mb="0" cb="0"/><line nr="210" mi="0" ci="14" mb="0" cb="0"/><line nr="211" mi="0" ci="12" mb="0" cb="0"/><line nr="212" mi="0" ci="16" mb="0" cb="0"/><line nr="213" mi="0" ci="3" mb="0" cb="0"/><line nr="214" mi="0" ci="3" mb="0" cb="0"/><line nr="215" mi="0" ci="3" mb="0" cb="0"/><line nr="216" mi="1" ci="1" mb="0" cb="0"/><line nr="217" mi="7" ci="0" mb="2" cb="0"/><line nr="218" mi="5" ci="0" mb="0" cb="0"/><line nr="221" mi="0" ci="1" mb="0" cb="0"/><line nr="224" mi="0" ci="7" mb="0" cb="0"/><counter type="INSTRUCTION" missed="98" covered="375"/><counter type="BRANCH" missed="15" covered="19"/><counter type="LINE" missed="18" covered="66"/><counter type="COMPLEXITY" missed="10" covered="22"/><counter type="METHOD" missed="1" covered="14"/><counter type="CLASS" missed="0" covered="3"/></sourcefile><sourcefile name="GrlcSpecPage.java"><line nr="24" mi="0" ci="2" mb="0" cb="0"/><line nr="29" mi="0" ci="4" mb="0" cb="0"/><line nr="34" mi="0" ci="4" mb="0" cb="0"/><line nr="39" mi="0" ci="5" mb="0" cb="0"/><line nr="57" mi="0" ci="2" mb="0" cb="0"/><line nr="58" mi="0" ci="5" mb="0" cb="0"/><line nr="59" mi="0" ci="5" mb="0" cb="2"/><line nr="60" mi="0" ci="6" mb="0" cb="0"/><line nr="61" mi="0" ci="6" mb="0" cb="0"/><line nr="62" mi="0" ci="6" mb="0" cb="0"/><line nr="65" mi="0" ci="5" mb="0" cb="0"/><line nr="66" mi="0" ci="10" mb="1" cb="3"/><line nr="68" mi="0" ci="8" mb="0" cb="0"/><line nr="69" mi="0" ci="7" mb="0" cb="0"/><line nr="71" mi="0" ci="13" mb="0" cb="2"/><line nr="72" mi="1" ci="9" mb="1" cb="1"/><line nr="73" mi="0" ci="7" mb="0" cb="0"/><line nr="74" mi="0" ci="8" mb="1" cb="3"/><line nr="75" mi="3" ci="0" mb="0" cb="0"/><line nr="76" mi="1" ci="0" mb="0" cb="0"/><line nr="78" mi="0" ci="3" mb="0" cb="0"/><line nr="79" mi="0" ci="5" mb="0" cb="2"/><line nr="80" mi="0" ci="5" mb="0" cb="0"/><line nr="81" mi="0" ci="6" mb="0" cb="2"/><line nr="82" mi="0" ci="5" mb="0" cb="0"/><line nr="83" mi="0" ci="10" mb="1" cb="3"/><line nr="84" mi="0" ci="5" mb="0" cb="0"/><line nr="85" mi="0" ci="6" mb="0" cb="2"/><line nr="86" mi="0" ci="8" mb="0" cb="0"/><line nr="87" mi="0" ci="10" mb="1" cb="3"/><line nr="88" mi="0" ci="5" mb="0" cb="0"/><line nr="89" mi="0" ci="5" mb="1" cb="1"/><line nr="90" mi="0" ci="7" mb="0" cb="0"/><line nr="94" mi="0" ci="1" mb="0" cb="0"/><line nr="102" mi="0" ci="5" mb="0" cb="2"/><line nr="103" mi="0" ci="2" mb="0" cb="0"/><line nr="104" mi="0" ci="4" mb="0" cb="2"/><line nr="105" mi="0" ci="3" mb="1" cb="1"/><line nr="106" mi="3" ci="0" mb="0" cb="0"/><line nr="107" mi="1" ci="0" mb="0" cb="0"/><line nr="108" mi="0" ci="6" mb="0" cb="0"/><line nr="110" mi="0" ci="6" mb="0" cb="0"/><line nr="111" mi="0" ci="4" mb="0" cb="0"/><line nr="112" mi="0" ci="4" mb="0" cb="0"/><line nr="113" mi="0" ci="11" mb="0" cb="2"/><line nr="114" mi="0" ci="6" mb="0" cb="0"/><line nr="116" mi="0" ci="10" mb="1" cb="1"/><line nr="117" mi="0" ci="2" mb="0" cb="0"/><line nr="118" mi="0" ci="9" mb="1" cb="1"/><line nr="119" mi="0" ci="3" mb="0" cb="0"/><line nr="120" mi="0" ci="6" mb="0" cb="0"/><line nr="121" mi="0" ci="4" mb="0" cb="0"/><line nr="122" mi="0" ci="3" mb="1" cb="1"/><line nr="123" mi="0" ci="5" mb="0" cb="0"/><line nr="125" mi="0" ci="3" mb="0" cb="0"/><line nr="126" mi="0" ci="10" mb="0" cb="0"/><line nr="127" mi="0" ci="8" mb="0" cb="2"/><line nr="128" mi="0" ci="3" mb="1" cb="1"/><line nr="129" mi="0" ci="6" mb="0" cb="0"/><line nr="131" mi="0" ci="3" mb="1" cb="1"/><line nr="132" mi="0" ci="6" mb="0" cb="0"/><line nr="134" mi="0" ci="3" mb="1" cb="1"/><line nr="135" mi="0" ci="5" mb="0" cb="0"/><line nr="137" mi="0" ci="3" mb="1" cb="1"/><line nr="138" mi="0" ci="5" mb="0" cb="0"/><line nr="140" mi="0" ci="3" mb="0" cb="0"/><line nr="141" mi="0" ci="5" mb="0" cb="0"/><line nr="142" mi="0" ci="1" mb="0" cb="0"/><line nr="143" mi="0" ci="2" mb="0" cb="0"/><line nr="145" mi="0" ci="2" mb="0" cb="0"/><line nr="149" mi="0" ci="11" mb="0" cb="0"/><counter type="INSTRUCTION" missed="9" covered="365"/><counter type="BRANCH" missed="14" covered="40"/><counter type="LINE" missed="4" covered="67"/><counter type="COMPLEXITY" missed="14" covered="17"/><counter type="METHOD" missed="0" covered="4"/><counter type="CLASS" missed="0" covered="1"/></sourcefile><counter type="INSTRUCTION" missed="3937" covered="2091"/><counter type="BRANCH" missed="339" covered="149"/><counter type="LINE" missed="794" covered="446"/><counter type="COMPLEXITY" missed="257" covered="107"/><counter type="METHOD" missed="64" covered="56"/><counter type="CLASS" missed="5" covered="13"/></package><counter type="INSTRUCTION" missed="3937" covered="2091"/><counter type="BRANCH" missed="339" covered="149"/><counter type="LINE" missed="794" covered="446"/><counter type="COMPLEXITY" missed="257" covered="107"/><counter type="METHOD" missed="64" covered="56"/><counter type="CLASS" missed="5" covered="13"/></report>